2022-06-17 08:35:26,047 INFO org.springframework.boot.StartupInfoLogger [main] Starting BmsApplication using Java 14.0.2 on DESKTOP-QN882RI with PID 19640 (D:\Poongs\eclipse-workspace\may-core-java-workspace\bms.zip_expanded\bms\target\classes started by Poongs in D:\Poongs\eclipse-workspace\may-core-java-workspace\bms.zip_expanded\bms)
2022-06-17 08:35:26,051 INFO org.springframework.boot.SpringApplication [main] No active profile set, falling back to 1 default profile: "default"
2022-06-17 08:35:30,099 INFO org.springframework.boot.StartupInfoLogger [main] Started BmsApplication in 4.44 seconds (JVM running for 4.872)
2022-06-17 08:35:44,147 INFO com.demo.bms.aop.LoggingAspect [http-nio-5555-exec-1] Entering BookController.com.demo.bms.controller.BookController
2022-06-17 08:35:44,160 INFO com.demo.bms.aop.LoggingAspect [http-nio-5555-exec-1] Entering BookServiceImpl.com.demo.bms.service.BookServiceImpl
2022-06-17 08:35:44,395 INFO com.demo.bms.aop.LoggingAspect [http-nio-5555-exec-1] Exiting BookServiceImpl.com.demo.bms.service.BookServiceImpl
2022-06-17 08:35:44,396 INFO com.demo.bms.aop.LoggingAspect [http-nio-5555-exec-1] Exiting BookController.com.demo.bms.controller.BookController
2022-06-17 08:35:54,331 INFO com.demo.bms.aop.LoggingAspect [http-nio-5555-exec-3] Entering BookController.com.demo.bms.controller.BookController
2022-06-17 08:35:54,332 INFO com.demo.bms.aop.LoggingAspect [http-nio-5555-exec-3] Entering BookServiceImpl.com.demo.bms.service.BookServiceImpl
2022-06-17 08:35:54,332 INFO com.demo.bms.aop.LoggingAspect [http-nio-5555-exec-3] Entering CrudRepository.org.springframework.data.repository.CrudRepository
2022-06-17 08:35:54,393 INFO com.demo.bms.aop.LoggingAspect [http-nio-5555-exec-3] Exiting CrudRepository.org.springframework.data.repository.CrudRepository
2022-06-17 08:35:54,394 INFO com.demo.bms.aop.LoggingAspect [http-nio-5555-exec-3] Exiting BookServiceImpl.com.demo.bms.service.BookServiceImpl
2022-06-17 08:35:54,394 INFO com.demo.bms.aop.LoggingAspect [http-nio-5555-exec-3] Exiting BookController.com.demo.bms.controller.BookController
2022-06-17 08:35:58,784 INFO com.demo.bms.aop.LoggingAspect [http-nio-5555-exec-4] Entering BookController.com.demo.bms.controller.BookController
2022-06-17 08:35:58,785 INFO com.demo.bms.aop.LoggingAspect [http-nio-5555-exec-4] Entering BookServiceImpl.com.demo.bms.service.BookServiceImpl
2022-06-17 08:35:58,787 INFO com.demo.bms.aop.LoggingAspect [http-nio-5555-exec-4] Entering CrudRepository.org.springframework.data.repository.CrudRepository
2022-06-17 08:35:58,793 INFO com.demo.bms.aop.LoggingAspect [http-nio-5555-exec-4] Exiting CrudRepository.org.springframework.data.repository.CrudRepository
2022-06-17 08:35:58,793 INFO com.demo.bms.aop.LoggingAspect [http-nio-5555-exec-4] Exiting BookServiceImpl.com.demo.bms.service.BookServiceImpl
2022-06-17 08:35:58,794 INFO com.demo.bms.aop.LoggingAspect [http-nio-5555-exec-4] Exiting BookController.com.demo.bms.controller.BookController
2022-06-17 08:36:06,129 INFO com.demo.bms.aop.LoggingAspect [http-nio-5555-exec-5] Entering BookController.com.demo.bms.controller.BookController
2022-06-17 08:36:06,130 INFO com.demo.bms.aop.LoggingAspect [http-nio-5555-exec-5] Entering BookServiceImpl.com.demo.bms.service.BookServiceImpl
2022-06-17 08:36:06,130 INFO com.demo.bms.aop.LoggingAspect [http-nio-5555-exec-5] Entering CrudRepository.org.springframework.data.repository.CrudRepository
2022-06-17 08:36:06,135 INFO com.demo.bms.aop.LoggingAspect [http-nio-5555-exec-5] Exiting CrudRepository.org.springframework.data.repository.CrudRepository
2022-06-17 08:36:06,135 INFO com.demo.bms.aop.LoggingAspect [http-nio-5555-exec-5] Exiting BookServiceImpl.com.demo.bms.service.BookServiceImpl
2022-06-17 08:36:06,136 INFO com.demo.bms.aop.LoggingAspect [http-nio-5555-exec-5] Exiting BookController.com.demo.bms.controller.BookController
2022-06-17 08:36:19,019 INFO com.demo.bms.aop.LoggingAspect [http-nio-5555-exec-6] Entering BookController.com.demo.bms.controller.BookController
2022-06-17 08:36:19,019 INFO com.demo.bms.aop.LoggingAspect [http-nio-5555-exec-6] Entering BookServiceImpl.com.demo.bms.service.BookServiceImpl
2022-06-17 08:36:19,019 INFO com.demo.bms.aop.LoggingAspect [http-nio-5555-exec-6] Entering CrudRepository.org.springframework.data.repository.CrudRepository
2022-06-17 08:36:19,024 INFO com.demo.bms.aop.LoggingAspect [http-nio-5555-exec-6] Exiting CrudRepository.org.springframework.data.repository.CrudRepository
2022-06-17 08:36:19,024 INFO com.demo.bms.aop.LoggingAspect [http-nio-5555-exec-6] Exiting BookServiceImpl.com.demo.bms.service.BookServiceImpl
2022-06-17 08:36:19,024 INFO com.demo.bms.aop.LoggingAspect [http-nio-5555-exec-6] Exiting BookController.com.demo.bms.controller.BookController
2022-06-17 08:36:22,888 INFO com.demo.bms.aop.LoggingAspect [http-nio-5555-exec-7] Entering BookController.com.demo.bms.controller.BookController
2022-06-17 08:36:22,889 INFO com.demo.bms.aop.LoggingAspect [http-nio-5555-exec-7] Entering BookServiceImpl.com.demo.bms.service.BookServiceImpl
2022-06-17 08:36:22,889 INFO com.demo.bms.aop.LoggingAspect [http-nio-5555-exec-7] Entering CrudRepository.org.springframework.data.repository.CrudRepository
2022-06-17 08:36:22,896 INFO com.demo.bms.aop.LoggingAspect [http-nio-5555-exec-7] Exiting CrudRepository.org.springframework.data.repository.CrudRepository
2022-06-17 08:36:22,897 INFO com.demo.bms.aop.LoggingAspect [http-nio-5555-exec-7] Exiting BookServiceImpl.com.demo.bms.service.BookServiceImpl
2022-06-17 08:36:22,897 INFO com.demo.bms.aop.LoggingAspect [http-nio-5555-exec-7] Exiting BookController.com.demo.bms.controller.BookController
2022-06-17 08:36:27,205 INFO com.demo.bms.aop.LoggingAspect [http-nio-5555-exec-8] Entering BookController.com.demo.bms.controller.BookController
2022-06-17 08:36:27,205 INFO com.demo.bms.aop.LoggingAspect [http-nio-5555-exec-8] Entering BookServiceImpl.com.demo.bms.service.BookServiceImpl
2022-06-17 08:36:27,205 INFO com.demo.bms.aop.LoggingAspect [http-nio-5555-exec-8] Entering CrudRepository.org.springframework.data.repository.CrudRepository
2022-06-17 08:36:27,209 INFO com.demo.bms.aop.LoggingAspect [http-nio-5555-exec-8] Exiting CrudRepository.org.springframework.data.repository.CrudRepository
2022-06-17 08:36:27,211 INFO com.demo.bms.aop.LoggingAspect [http-nio-5555-exec-8] Exiting BookServiceImpl.com.demo.bms.service.BookServiceImpl
2022-06-17 08:36:27,211 INFO com.demo.bms.aop.LoggingAspect [http-nio-5555-exec-8] Exiting BookController.com.demo.bms.controller.BookController
2022-06-17 08:36:30,635 INFO com.demo.bms.aop.LoggingAspect [http-nio-5555-exec-9] Entering BookController.com.demo.bms.controller.BookController
2022-06-17 08:36:30,636 INFO com.demo.bms.aop.LoggingAspect [http-nio-5555-exec-9] Entering BookServiceImpl.com.demo.bms.service.BookServiceImpl
2022-06-17 08:36:30,637 INFO com.demo.bms.aop.LoggingAspect [http-nio-5555-exec-9] Entering CrudRepository.org.springframework.data.repository.CrudRepository
2022-06-17 08:36:30,643 INFO com.demo.bms.aop.LoggingAspect [http-nio-5555-exec-9] Exiting CrudRepository.org.springframework.data.repository.CrudRepository
2022-06-17 08:36:30,643 INFO com.demo.bms.aop.LoggingAspect [http-nio-5555-exec-9] Exiting BookServiceImpl.com.demo.bms.service.BookServiceImpl
2022-06-17 08:36:30,643 INFO com.demo.bms.aop.LoggingAspect [http-nio-5555-exec-9] Exiting BookController.com.demo.bms.controller.BookController
2022-06-17 08:36:33,663 INFO com.demo.bms.aop.LoggingAspect [http-nio-5555-exec-10] Entering BookController.com.demo.bms.controller.BookController
2022-06-17 08:36:33,664 INFO com.demo.bms.aop.LoggingAspect [http-nio-5555-exec-10] Entering BookServiceImpl.com.demo.bms.service.BookServiceImpl
2022-06-17 08:36:33,668 INFO com.demo.bms.aop.LoggingAspect [http-nio-5555-exec-10] Exiting BookServiceImpl.com.demo.bms.service.BookServiceImpl
2022-06-17 08:36:33,669 INFO com.demo.bms.aop.LoggingAspect [http-nio-5555-exec-10] Exiting BookController.com.demo.bms.controller.BookController
2022-06-17 08:36:41,000 INFO com.demo.bms.aop.LoggingAspect [http-nio-5555-exec-2] Entering BookController.com.demo.bms.controller.BookController
2022-06-17 08:36:41,001 INFO com.demo.bms.aop.LoggingAspect [http-nio-5555-exec-2] Entering BookServiceImpl.com.demo.bms.service.BookServiceImpl
2022-06-17 08:36:41,001 INFO com.demo.bms.aop.LoggingAspect [http-nio-5555-exec-2] Entering CrudRepository.org.springframework.data.repository.CrudRepository
2022-06-17 08:36:41,010 INFO com.demo.bms.aop.LoggingAspect [http-nio-5555-exec-2] Exiting CrudRepository.org.springframework.data.repository.CrudRepository
2022-06-17 08:36:41,010 INFO com.demo.bms.aop.LoggingAspect [http-nio-5555-exec-2] Exiting BookServiceImpl.com.demo.bms.service.BookServiceImpl
2022-06-17 08:36:41,010 INFO com.demo.bms.aop.LoggingAspect [http-nio-5555-exec-2] Exiting BookController.com.demo.bms.controller.BookController
2022-06-17 08:36:44,182 INFO com.demo.bms.aop.LoggingAspect [http-nio-5555-exec-1] Entering BookController.com.demo.bms.controller.BookController
2022-06-17 08:36:44,183 INFO com.demo.bms.aop.LoggingAspect [http-nio-5555-exec-1] Entering BookServiceImpl.com.demo.bms.service.BookServiceImpl
2022-06-17 08:36:44,185 INFO com.demo.bms.aop.LoggingAspect [http-nio-5555-exec-1] Exiting BookServiceImpl.com.demo.bms.service.BookServiceImpl
2022-06-17 08:36:44,185 INFO com.demo.bms.aop.LoggingAspect [http-nio-5555-exec-1] Exiting BookController.com.demo.bms.controller.BookController
2022-06-17 08:36:44,189 INFO com.demo.bms.aop.LoggingAspect [http-nio-5555-exec-1] Entering GlobalExceptionHandler.com.demo.bms.exception.GlobalExceptionHandler
2022-06-17 08:36:44,198 INFO com.demo.bms.aop.LoggingAspect [http-nio-5555-exec-1] Exiting GlobalExceptionHandler.com.demo.bms.exception.GlobalExceptionHandler
2022-06-17 08:39:28,135 INFO org.springframework.boot.StartupInfoLogger [main] Starting BmsApplication using Java 14.0.2 on DESKTOP-QN882RI with PID 26816 (D:\Poongs\eclipse-workspace\may-core-java-workspace\bms.zip_expanded\bms\target\classes started by Poongs in D:\Poongs\eclipse-workspace\may-core-java-workspace\bms.zip_expanded\bms)
2022-06-17 08:39:28,138 INFO org.springframework.boot.SpringApplication [main] No active profile set, falling back to 1 default profile: "default"
2022-06-17 08:39:32,101 INFO org.springframework.boot.StartupInfoLogger [main] Started BmsApplication in 4.357 seconds (JVM running for 4.776)
2022-06-17 08:39:40,656 INFO com.demo.bms.aop.LoggingAspect [http-nio-5555-exec-1] Entering BookController.com.demo.bms.controller.BookController
2022-06-17 08:39:40,673 INFO com.demo.bms.aop.LoggingAspect [http-nio-5555-exec-1] Entering BookServiceImpl.com.demo.bms.service.BookServiceImpl
2022-06-17 08:39:40,850 INFO com.demo.bms.aop.LoggingAspect [http-nio-5555-exec-1] Exiting BookServiceImpl.com.demo.bms.service.BookServiceImpl
2022-06-17 08:39:40,851 INFO com.demo.bms.aop.LoggingAspect [http-nio-5555-exec-1] Exiting BookController.com.demo.bms.controller.BookController
2022-06-17 08:39:40,852 INFO com.demo.bms.aop.LoggingAspect [http-nio-5555-exec-1] Entering GlobalExceptionHandler.com.demo.bms.exception.GlobalExceptionHandler
2022-06-17 08:39:40,863 INFO com.demo.bms.aop.LoggingAspect [http-nio-5555-exec-1] Exiting GlobalExceptionHandler.com.demo.bms.exception.GlobalExceptionHandler
2022-06-17 08:42:09,878 INFO org.springframework.boot.StartupInfoLogger [main] Starting BmsApplication using Java 14.0.2 on DESKTOP-QN882RI with PID 30420 (D:\Poongs\eclipse-workspace\may-core-java-workspace\bms.zip_expanded\bms\target\classes started by Poongs in D:\Poongs\eclipse-workspace\may-core-java-workspace\bms.zip_expanded\bms)
2022-06-17 08:42:09,881 INFO org.springframework.boot.SpringApplication [main] No active profile set, falling back to 1 default profile: "default"
2022-06-17 08:42:14,836 INFO org.springframework.boot.StartupInfoLogger [main] Started BmsApplication in 5.33 seconds (JVM running for 5.755)
2022-06-17 08:42:15,420 INFO com.demo.bms.aop.LoggingAspect [http-nio-5555-exec-1] Entering BookController.com.demo.bms.controller.BookController
2022-06-17 08:42:15,443 INFO com.demo.bms.aop.LoggingAspect [http-nio-5555-exec-1] Entering BookServiceImpl.com.demo.bms.service.BookServiceImpl
2022-06-17 08:42:15,634 INFO com.demo.bms.aop.LoggingAspect [http-nio-5555-exec-1] Exiting BookServiceImpl.com.demo.bms.service.BookServiceImpl
2022-06-17 08:42:15,634 INFO com.demo.bms.aop.LoggingAspect [http-nio-5555-exec-1] Exiting BookController.com.demo.bms.controller.BookController
2022-06-17 08:44:19,869 INFO org.springframework.boot.StartupInfoLogger [main] Starting BmsApplication using Java 14.0.2 on DESKTOP-QN882RI with PID 26988 (D:\Poongs\eclipse-workspace\may-core-java-workspace\bms.zip_expanded\bms\target\classes started by Poongs in D:\Poongs\eclipse-workspace\may-core-java-workspace\bms.zip_expanded\bms)
2022-06-17 08:44:19,870 INFO org.springframework.boot.SpringApplication [main] No active profile set, falling back to 1 default profile: "default"
2022-06-17 08:44:23,845 INFO org.springframework.boot.StartupInfoLogger [main] Started BmsApplication in 4.361 seconds (JVM running for 4.784)
2022-06-17 08:44:27,739 INFO com.demo.bms.aop.LoggingAspect [http-nio-5555-exec-2] Entering BookController.com.demo.bms.controller.BookController
2022-06-17 08:44:27,755 INFO com.demo.bms.aop.LoggingAspect [http-nio-5555-exec-2] Entering BookServiceImpl.com.demo.bms.service.BookServiceImpl
2022-06-17 08:44:27,915 INFO com.demo.bms.aop.LoggingAspect [http-nio-5555-exec-2] Exiting BookServiceImpl.com.demo.bms.service.BookServiceImpl
2022-06-17 08:44:27,915 INFO com.demo.bms.aop.LoggingAspect [http-nio-5555-exec-2] Exiting BookController.com.demo.bms.controller.BookController
2022-06-17 08:44:27,917 INFO com.demo.bms.aop.LoggingAspect [http-nio-5555-exec-2] Entering GlobalExceptionHandler.com.demo.bms.exception.GlobalExceptionHandler
2022-06-17 08:44:27,930 INFO com.demo.bms.aop.LoggingAspect [http-nio-5555-exec-2] Exiting GlobalExceptionHandler.com.demo.bms.exception.GlobalExceptionHandler
2022-06-17 08:46:23,333 INFO com.demo.bms.aop.LoggingAspect [http-nio-5555-exec-3] Entering BookController.com.demo.bms.controller.BookController
2022-06-17 08:46:23,333 INFO com.demo.bms.aop.LoggingAspect [http-nio-5555-exec-3] Entering BookServiceImpl.com.demo.bms.service.BookServiceImpl
2022-06-17 08:46:23,338 INFO com.demo.bms.aop.LoggingAspect [http-nio-5555-exec-3] Exiting BookServiceImpl.com.demo.bms.service.BookServiceImpl
2022-06-17 08:46:23,339 INFO com.demo.bms.aop.LoggingAspect [http-nio-5555-exec-3] Exiting BookController.com.demo.bms.controller.BookController
2022-06-17 08:46:23,339 INFO com.demo.bms.aop.LoggingAspect [http-nio-5555-exec-3] Entering GlobalExceptionHandler.com.demo.bms.exception.GlobalExceptionHandler
2022-06-17 08:46:23,339 INFO com.demo.bms.aop.LoggingAspect [http-nio-5555-exec-3] Exiting GlobalExceptionHandler.com.demo.bms.exception.GlobalExceptionHandler
2022-06-17 08:46:46,473 INFO com.demo.bms.aop.LoggingAspect [http-nio-5555-exec-4] Entering BookController.com.demo.bms.controller.BookController
2022-06-17 08:46:46,474 INFO com.demo.bms.aop.LoggingAspect [http-nio-5555-exec-4] Entering BookServiceImpl.com.demo.bms.service.BookServiceImpl
2022-06-17 08:46:46,478 INFO com.demo.bms.aop.LoggingAspect [http-nio-5555-exec-4] Exiting BookServiceImpl.com.demo.bms.service.BookServiceImpl
2022-06-17 08:46:46,479 INFO com.demo.bms.aop.LoggingAspect [http-nio-5555-exec-4] Exiting BookController.com.demo.bms.controller.BookController
2022-06-17 08:46:46,479 INFO com.demo.bms.aop.LoggingAspect [http-nio-5555-exec-4] Entering GlobalExceptionHandler.com.demo.bms.exception.GlobalExceptionHandler
2022-06-17 08:46:46,480 INFO com.demo.bms.aop.LoggingAspect [http-nio-5555-exec-4] Exiting GlobalExceptionHandler.com.demo.bms.exception.GlobalExceptionHandler
2022-06-17 08:47:06,068 INFO com.demo.bms.aop.LoggingAspect [http-nio-5555-exec-5] Entering BookController.com.demo.bms.controller.BookController
2022-06-17 08:47:06,069 INFO com.demo.bms.aop.LoggingAspect [http-nio-5555-exec-5] Entering BookServiceImpl.com.demo.bms.service.BookServiceImpl
2022-06-17 08:47:06,074 INFO com.demo.bms.aop.LoggingAspect [http-nio-5555-exec-5] Exiting BookServiceImpl.com.demo.bms.service.BookServiceImpl
2022-06-17 08:47:06,075 INFO com.demo.bms.aop.LoggingAspect [http-nio-5555-exec-5] Exiting BookController.com.demo.bms.controller.BookController
2022-06-17 08:47:06,076 INFO com.demo.bms.aop.LoggingAspect [http-nio-5555-exec-5] Entering GlobalExceptionHandler.com.demo.bms.exception.GlobalExceptionHandler
2022-06-17 08:47:06,077 INFO com.demo.bms.aop.LoggingAspect [http-nio-5555-exec-5] Exiting GlobalExceptionHandler.com.demo.bms.exception.GlobalExceptionHandler
2022-06-17 08:47:13,365 INFO com.demo.bms.aop.LoggingAspect [http-nio-5555-exec-6] Entering BookController.com.demo.bms.controller.BookController
2022-06-17 08:47:13,367 INFO com.demo.bms.aop.LoggingAspect [http-nio-5555-exec-6] Entering BookServiceImpl.com.demo.bms.service.BookServiceImpl
2022-06-17 08:47:13,370 INFO com.demo.bms.aop.LoggingAspect [http-nio-5555-exec-6] Exiting BookServiceImpl.com.demo.bms.service.BookServiceImpl
2022-06-17 08:47:13,371 INFO com.demo.bms.aop.LoggingAspect [http-nio-5555-exec-6] Exiting BookController.com.demo.bms.controller.BookController
2022-06-17 08:47:13,371 INFO com.demo.bms.aop.LoggingAspect [http-nio-5555-exec-6] Entering GlobalExceptionHandler.com.demo.bms.exception.GlobalExceptionHandler
2022-06-17 08:47:13,371 INFO com.demo.bms.aop.LoggingAspect [http-nio-5555-exec-6] Exiting GlobalExceptionHandler.com.demo.bms.exception.GlobalExceptionHandler
2022-06-17 08:47:15,752 INFO com.demo.bms.aop.LoggingAspect [http-nio-5555-exec-7] Entering BookController.com.demo.bms.controller.BookController
2022-06-17 08:47:15,753 INFO com.demo.bms.aop.LoggingAspect [http-nio-5555-exec-7] Entering BookServiceImpl.com.demo.bms.service.BookServiceImpl
2022-06-17 08:47:15,758 INFO com.demo.bms.aop.LoggingAspect [http-nio-5555-exec-7] Exiting BookServiceImpl.com.demo.bms.service.BookServiceImpl
2022-06-17 08:47:15,759 INFO com.demo.bms.aop.LoggingAspect [http-nio-5555-exec-7] Exiting BookController.com.demo.bms.controller.BookController
2022-06-17 08:47:15,759 INFO com.demo.bms.aop.LoggingAspect [http-nio-5555-exec-7] Entering GlobalExceptionHandler.com.demo.bms.exception.GlobalExceptionHandler
2022-06-17 08:47:15,760 INFO com.demo.bms.aop.LoggingAspect [http-nio-5555-exec-7] Exiting GlobalExceptionHandler.com.demo.bms.exception.GlobalExceptionHandler
2022-06-17 08:47:22,011 INFO com.demo.bms.aop.LoggingAspect [http-nio-5555-exec-8] Entering BookController.com.demo.bms.controller.BookController
2022-06-17 08:47:22,011 INFO com.demo.bms.aop.LoggingAspect [http-nio-5555-exec-8] Entering BookServiceImpl.com.demo.bms.service.BookServiceImpl
2022-06-17 08:47:22,014 INFO com.demo.bms.aop.LoggingAspect [http-nio-5555-exec-8] Exiting BookServiceImpl.com.demo.bms.service.BookServiceImpl
2022-06-17 08:47:22,014 INFO com.demo.bms.aop.LoggingAspect [http-nio-5555-exec-8] Exiting BookController.com.demo.bms.controller.BookController
2022-06-17 08:47:22,015 INFO com.demo.bms.aop.LoggingAspect [http-nio-5555-exec-8] Entering GlobalExceptionHandler.com.demo.bms.exception.GlobalExceptionHandler
2022-06-17 08:47:22,015 INFO com.demo.bms.aop.LoggingAspect [http-nio-5555-exec-8] Exiting GlobalExceptionHandler.com.demo.bms.exception.GlobalExceptionHandler
2022-06-17 08:48:10,063 INFO com.demo.bms.aop.LoggingAspect [http-nio-5555-exec-9] Entering BookController.com.demo.bms.controller.BookController
2022-06-17 08:48:10,063 INFO com.demo.bms.aop.LoggingAspect [http-nio-5555-exec-9] Entering BookServiceImpl.com.demo.bms.service.BookServiceImpl
2022-06-17 08:48:10,070 INFO com.demo.bms.aop.LoggingAspect [http-nio-5555-exec-9] Exiting BookServiceImpl.com.demo.bms.service.BookServiceImpl
2022-06-17 08:48:10,071 INFO com.demo.bms.aop.LoggingAspect [http-nio-5555-exec-9] Exiting BookController.com.demo.bms.controller.BookController
2022-06-17 08:48:10,072 INFO com.demo.bms.aop.LoggingAspect [http-nio-5555-exec-9] Entering GlobalExceptionHandler.com.demo.bms.exception.GlobalExceptionHandler
2022-06-17 08:48:10,075 INFO com.demo.bms.aop.LoggingAspect [http-nio-5555-exec-9] Exiting GlobalExceptionHandler.com.demo.bms.exception.GlobalExceptionHandler
2022-06-17 08:48:12,542 INFO com.demo.bms.aop.LoggingAspect [http-nio-5555-exec-10] Entering BookController.com.demo.bms.controller.BookController
2022-06-17 08:48:12,544 INFO com.demo.bms.aop.LoggingAspect [http-nio-5555-exec-10] Entering BookServiceImpl.com.demo.bms.service.BookServiceImpl
2022-06-17 08:48:12,546 INFO com.demo.bms.aop.LoggingAspect [http-nio-5555-exec-10] Exiting BookServiceImpl.com.demo.bms.service.BookServiceImpl
2022-06-17 08:48:12,546 INFO com.demo.bms.aop.LoggingAspect [http-nio-5555-exec-10] Exiting BookController.com.demo.bms.controller.BookController
2022-06-17 08:48:12,546 INFO com.demo.bms.aop.LoggingAspect [http-nio-5555-exec-10] Entering GlobalExceptionHandler.com.demo.bms.exception.GlobalExceptionHandler
2022-06-17 08:48:12,547 INFO com.demo.bms.aop.LoggingAspect [http-nio-5555-exec-10] Exiting GlobalExceptionHandler.com.demo.bms.exception.GlobalExceptionHandler
2022-06-17 08:49:05,117 INFO org.springframework.boot.StartupInfoLogger [main] Starting BmsApplication using Java 14.0.2 on DESKTOP-QN882RI with PID 30040 (D:\Poongs\eclipse-workspace\may-core-java-workspace\bms.zip_expanded\bms\target\classes started by Poongs in D:\Poongs\eclipse-workspace\may-core-java-workspace\bms.zip_expanded\bms)
2022-06-17 08:49:05,118 INFO org.springframework.boot.SpringApplication [main] No active profile set, falling back to 1 default profile: "default"
2022-06-17 08:49:09,283 INFO org.springframework.boot.StartupInfoLogger [main] Started BmsApplication in 4.577 seconds (JVM running for 4.992)
2022-06-17 08:49:12,706 INFO com.demo.bms.aop.LoggingAspect [http-nio-5555-exec-1] Entering BookController.com.demo.bms.controller.BookController
2022-06-17 08:49:12,721 INFO com.demo.bms.aop.LoggingAspect [http-nio-5555-exec-1] Entering BookServiceImpl.com.demo.bms.service.BookServiceImpl
2022-06-17 08:49:12,942 INFO com.demo.bms.aop.LoggingAspect [http-nio-5555-exec-1] Exiting BookServiceImpl.com.demo.bms.service.BookServiceImpl
2022-06-17 08:49:12,943 INFO com.demo.bms.aop.LoggingAspect [http-nio-5555-exec-1] Exiting BookController.com.demo.bms.controller.BookController
2022-06-17 08:49:12,946 INFO com.demo.bms.aop.LoggingAspect [http-nio-5555-exec-1] Entering GlobalExceptionHandler.com.demo.bms.exception.GlobalExceptionHandler
2022-06-17 08:49:12,956 INFO com.demo.bms.aop.LoggingAspect [http-nio-5555-exec-1] Exiting GlobalExceptionHandler.com.demo.bms.exception.GlobalExceptionHandler
2022-06-17 08:49:29,732 INFO com.demo.bms.aop.LoggingAspect [http-nio-5555-exec-2] Entering BookController.com.demo.bms.controller.BookController
2022-06-17 08:49:29,734 INFO com.demo.bms.aop.LoggingAspect [http-nio-5555-exec-2] Entering BookServiceImpl.com.demo.bms.service.BookServiceImpl
2022-06-17 08:49:29,738 INFO com.demo.bms.aop.LoggingAspect [http-nio-5555-exec-2] Exiting BookServiceImpl.com.demo.bms.service.BookServiceImpl
2022-06-17 08:49:29,739 INFO com.demo.bms.aop.LoggingAspect [http-nio-5555-exec-2] Exiting BookController.com.demo.bms.controller.BookController
2022-06-17 08:49:29,739 INFO com.demo.bms.aop.LoggingAspect [http-nio-5555-exec-2] Entering GlobalExceptionHandler.com.demo.bms.exception.GlobalExceptionHandler
2022-06-17 08:49:29,739 INFO com.demo.bms.aop.LoggingAspect [http-nio-5555-exec-2] Exiting GlobalExceptionHandler.com.demo.bms.exception.GlobalExceptionHandler
2022-06-17 08:52:06,740 INFO com.demo.bms.aop.LoggingAspect [http-nio-5555-exec-3] Entering BookController.com.demo.bms.controller.BookController
2022-06-17 08:52:06,740 INFO com.demo.bms.aop.LoggingAspect [http-nio-5555-exec-3] Entering BookServiceImpl.com.demo.bms.service.BookServiceImpl
2022-06-17 08:52:06,744 INFO com.demo.bms.aop.LoggingAspect [http-nio-5555-exec-3] Exiting BookServiceImpl.com.demo.bms.service.BookServiceImpl
2022-06-17 08:52:06,745 INFO com.demo.bms.aop.LoggingAspect [http-nio-5555-exec-3] Exiting BookController.com.demo.bms.controller.BookController
2022-06-17 08:52:06,746 INFO com.demo.bms.aop.LoggingAspect [http-nio-5555-exec-3] Entering GlobalExceptionHandler.com.demo.bms.exception.GlobalExceptionHandler
2022-06-17 08:52:06,749 INFO com.demo.bms.aop.LoggingAspect [http-nio-5555-exec-3] Exiting GlobalExceptionHandler.com.demo.bms.exception.GlobalExceptionHandler
2022-06-17 08:52:13,668 INFO com.demo.bms.aop.LoggingAspect [http-nio-5555-exec-4] Entering BookController.com.demo.bms.controller.BookController
2022-06-17 08:52:13,669 INFO com.demo.bms.aop.LoggingAspect [http-nio-5555-exec-4] Entering BookServiceImpl.com.demo.bms.service.BookServiceImpl
2022-06-17 08:52:13,674 INFO com.demo.bms.aop.LoggingAspect [http-nio-5555-exec-4] Exiting BookServiceImpl.com.demo.bms.service.BookServiceImpl
2022-06-17 08:52:13,674 INFO com.demo.bms.aop.LoggingAspect [http-nio-5555-exec-4] Exiting BookController.com.demo.bms.controller.BookController
2022-06-17 08:52:13,675 INFO com.demo.bms.aop.LoggingAspect [http-nio-5555-exec-4] Entering GlobalExceptionHandler.com.demo.bms.exception.GlobalExceptionHandler
2022-06-17 08:52:13,675 INFO com.demo.bms.aop.LoggingAspect [http-nio-5555-exec-4] Exiting GlobalExceptionHandler.com.demo.bms.exception.GlobalExceptionHandler
2022-06-17 08:52:41,171 INFO com.demo.bms.aop.LoggingAspect [http-nio-5555-exec-5] Entering BookController.com.demo.bms.controller.BookController
2022-06-17 08:52:41,171 INFO com.demo.bms.aop.LoggingAspect [http-nio-5555-exec-5] Entering BookServiceImpl.com.demo.bms.service.BookServiceImpl
2022-06-17 08:52:41,174 INFO com.demo.bms.aop.LoggingAspect [http-nio-5555-exec-5] Exiting BookServiceImpl.com.demo.bms.service.BookServiceImpl
2022-06-17 08:52:41,174 INFO com.demo.bms.aop.LoggingAspect [http-nio-5555-exec-5] Exiting BookController.com.demo.bms.controller.BookController
2022-06-17 08:52:41,175 INFO com.demo.bms.aop.LoggingAspect [http-nio-5555-exec-5] Entering GlobalExceptionHandler.com.demo.bms.exception.GlobalExceptionHandler
2022-06-17 08:52:41,175 INFO com.demo.bms.aop.LoggingAspect [http-nio-5555-exec-5] Exiting GlobalExceptionHandler.com.demo.bms.exception.GlobalExceptionHandler
2022-06-17 08:52:55,303 INFO com.demo.bms.aop.LoggingAspect [http-nio-5555-exec-6] Entering BookController.com.demo.bms.controller.BookController
2022-06-17 08:52:55,305 INFO com.demo.bms.aop.LoggingAspect [http-nio-5555-exec-6] Entering BookServiceImpl.com.demo.bms.service.BookServiceImpl
2022-06-17 08:52:55,311 INFO com.demo.bms.aop.LoggingAspect [http-nio-5555-exec-6] Exiting BookServiceImpl.com.demo.bms.service.BookServiceImpl
2022-06-17 08:52:55,313 INFO com.demo.bms.aop.LoggingAspect [http-nio-5555-exec-6] Exiting BookController.com.demo.bms.controller.BookController
2022-06-17 08:52:55,314 INFO com.demo.bms.aop.LoggingAspect [http-nio-5555-exec-6] Entering GlobalExceptionHandler.com.demo.bms.exception.GlobalExceptionHandler
2022-06-17 08:52:55,314 INFO com.demo.bms.aop.LoggingAspect [http-nio-5555-exec-6] Exiting GlobalExceptionHandler.com.demo.bms.exception.GlobalExceptionHandler
2022-06-17 09:11:34,585 INFO com.demo.bms.aop.LoggingAspect [http-nio-5555-exec-8] Entering BookController.com.demo.bms.controller.BookController
2022-06-17 09:11:34,643 INFO com.demo.bms.aop.LoggingAspect [http-nio-5555-exec-8] Entering BookServiceImpl.com.demo.bms.service.BookServiceImpl
2022-06-17 09:11:34,809 INFO com.demo.bms.aop.LoggingAspect [http-nio-5555-exec-8] Exiting BookServiceImpl.com.demo.bms.service.BookServiceImpl
2022-06-17 09:11:34,810 INFO com.demo.bms.aop.LoggingAspect [http-nio-5555-exec-8] Exiting BookController.com.demo.bms.controller.BookController
2022-06-17 09:11:34,837 INFO com.demo.bms.aop.LoggingAspect [http-nio-5555-exec-8] Entering GlobalExceptionHandler.com.demo.bms.exception.GlobalExceptionHandler
2022-06-17 09:11:34,858 INFO com.demo.bms.aop.LoggingAspect [http-nio-5555-exec-8] Exiting GlobalExceptionHandler.com.demo.bms.exception.GlobalExceptionHandler
2022-06-17 09:14:29,314 INFO com.demo.bms.aop.LoggingAspect [http-nio-5555-exec-10] Entering BookController.com.demo.bms.controller.BookController
2022-06-17 09:14:29,325 INFO com.demo.bms.aop.LoggingAspect [http-nio-5555-exec-10] Entering BookServiceImpl.com.demo.bms.service.BookServiceImpl
2022-06-17 09:14:29,373 INFO com.demo.bms.aop.LoggingAspect [http-nio-5555-exec-10] Exiting BookServiceImpl.com.demo.bms.service.BookServiceImpl
2022-06-17 09:14:29,375 INFO com.demo.bms.aop.LoggingAspect [http-nio-5555-exec-10] Exiting BookController.com.demo.bms.controller.BookController
2022-06-17 09:14:29,377 INFO com.demo.bms.aop.LoggingAspect [http-nio-5555-exec-10] Entering GlobalExceptionHandler.com.demo.bms.exception.GlobalExceptionHandler
2022-06-17 09:14:29,400 INFO com.demo.bms.aop.LoggingAspect [http-nio-5555-exec-10] Exiting GlobalExceptionHandler.com.demo.bms.exception.GlobalExceptionHandler
2022-06-17 09:23:46,752 INFO com.demo.bms.aop.LoggingAspect [http-nio-5555-exec-1] Entering BookController.com.demo.bms.controller.BookController
2022-06-17 09:23:46,757 INFO com.demo.bms.aop.LoggingAspect [http-nio-5555-exec-1] Entering BookServiceImpl.com.demo.bms.service.BookServiceImpl
2022-06-17 09:23:46,801 INFO com.demo.bms.aop.LoggingAspect [http-nio-5555-exec-1] Exiting BookServiceImpl.com.demo.bms.service.BookServiceImpl
2022-06-17 09:23:46,802 INFO com.demo.bms.aop.LoggingAspect [http-nio-5555-exec-1] Exiting BookController.com.demo.bms.controller.BookController
2022-06-17 09:23:46,808 INFO com.demo.bms.aop.LoggingAspect [http-nio-5555-exec-1] Entering GlobalExceptionHandler.com.demo.bms.exception.GlobalExceptionHandler
2022-06-17 09:23:46,809 INFO com.demo.bms.aop.LoggingAspect [http-nio-5555-exec-1] Exiting GlobalExceptionHandler.com.demo.bms.exception.GlobalExceptionHandler
2022-06-17 09:25:13,293 INFO com.demo.bms.aop.LoggingAspect [http-nio-5555-exec-2] Entering BookController.com.demo.bms.controller.BookController
2022-06-17 09:25:13,297 INFO com.demo.bms.aop.LoggingAspect [http-nio-5555-exec-2] Entering BookServiceImpl.com.demo.bms.service.BookServiceImpl
2022-06-17 09:25:13,307 INFO com.demo.bms.aop.LoggingAspect [http-nio-5555-exec-2] Exiting BookServiceImpl.com.demo.bms.service.BookServiceImpl
2022-06-17 09:25:13,308 INFO com.demo.bms.aop.LoggingAspect [http-nio-5555-exec-2] Exiting BookController.com.demo.bms.controller.BookController
2022-06-17 09:25:13,309 INFO com.demo.bms.aop.LoggingAspect [http-nio-5555-exec-2] Entering GlobalExceptionHandler.com.demo.bms.exception.GlobalExceptionHandler
2022-06-17 09:25:13,310 INFO com.demo.bms.aop.LoggingAspect [http-nio-5555-exec-2] Exiting GlobalExceptionHandler.com.demo.bms.exception.GlobalExceptionHandler
2022-06-17 09:25:18,370 INFO com.demo.bms.aop.LoggingAspect [http-nio-5555-exec-3] Entering BookController.com.demo.bms.controller.BookController
2022-06-17 09:25:18,372 INFO com.demo.bms.aop.LoggingAspect [http-nio-5555-exec-3] Entering BookServiceImpl.com.demo.bms.service.BookServiceImpl
2022-06-17 09:25:18,377 INFO com.demo.bms.aop.LoggingAspect [http-nio-5555-exec-3] Exiting BookServiceImpl.com.demo.bms.service.BookServiceImpl
2022-06-17 09:25:18,378 INFO com.demo.bms.aop.LoggingAspect [http-nio-5555-exec-3] Exiting BookController.com.demo.bms.controller.BookController
2022-06-17 09:25:18,379 INFO com.demo.bms.aop.LoggingAspect [http-nio-5555-exec-3] Entering GlobalExceptionHandler.com.demo.bms.exception.GlobalExceptionHandler
2022-06-17 09:25:18,380 INFO com.demo.bms.aop.LoggingAspect [http-nio-5555-exec-3] Exiting GlobalExceptionHandler.com.demo.bms.exception.GlobalExceptionHandler
2022-06-17 09:25:25,909 INFO com.demo.bms.aop.LoggingAspect [http-nio-5555-exec-4] Entering BookController.com.demo.bms.controller.BookController
2022-06-17 09:25:25,914 INFO com.demo.bms.aop.LoggingAspect [http-nio-5555-exec-4] Entering BookServiceImpl.com.demo.bms.service.BookServiceImpl
2022-06-17 09:25:25,933 INFO com.demo.bms.aop.LoggingAspect [http-nio-5555-exec-4] Exiting BookServiceImpl.com.demo.bms.service.BookServiceImpl
2022-06-17 09:25:25,934 INFO com.demo.bms.aop.LoggingAspect [http-nio-5555-exec-4] Exiting BookController.com.demo.bms.controller.BookController
2022-06-17 09:25:25,937 INFO com.demo.bms.aop.LoggingAspect [http-nio-5555-exec-4] Entering GlobalExceptionHandler.com.demo.bms.exception.GlobalExceptionHandler
2022-06-17 09:25:25,941 INFO com.demo.bms.aop.LoggingAspect [http-nio-5555-exec-4] Exiting GlobalExceptionHandler.com.demo.bms.exception.GlobalExceptionHandler
2022-06-17 09:26:44,362 INFO com.demo.bms.aop.LoggingAspect [http-nio-5555-exec-5] Entering BookController.com.demo.bms.controller.BookController
2022-06-17 09:26:44,363 INFO com.demo.bms.aop.LoggingAspect [http-nio-5555-exec-5] Entering BookServiceImpl.com.demo.bms.service.BookServiceImpl
2022-06-17 09:26:44,370 INFO com.demo.bms.aop.LoggingAspect [http-nio-5555-exec-5] Exiting BookServiceImpl.com.demo.bms.service.BookServiceImpl
2022-06-17 09:26:44,373 INFO com.demo.bms.aop.LoggingAspect [http-nio-5555-exec-5] Exiting BookController.com.demo.bms.controller.BookController
2022-06-17 09:26:44,374 INFO com.demo.bms.aop.LoggingAspect [http-nio-5555-exec-5] Entering GlobalExceptionHandler.com.demo.bms.exception.GlobalExceptionHandler
2022-06-17 09:26:44,376 INFO com.demo.bms.aop.LoggingAspect [http-nio-5555-exec-5] Exiting GlobalExceptionHandler.com.demo.bms.exception.GlobalExceptionHandler
2022-06-17 09:26:52,302 INFO com.demo.bms.aop.LoggingAspect [http-nio-5555-exec-6] Entering BookController.com.demo.bms.controller.BookController
2022-06-17 09:26:52,304 INFO com.demo.bms.aop.LoggingAspect [http-nio-5555-exec-6] Entering BookServiceImpl.com.demo.bms.service.BookServiceImpl
2022-06-17 09:26:52,315 INFO com.demo.bms.aop.LoggingAspect [http-nio-5555-exec-6] Exiting BookServiceImpl.com.demo.bms.service.BookServiceImpl
2022-06-17 09:26:52,316 INFO com.demo.bms.aop.LoggingAspect [http-nio-5555-exec-6] Exiting BookController.com.demo.bms.controller.BookController
2022-06-17 09:26:52,318 INFO com.demo.bms.aop.LoggingAspect [http-nio-5555-exec-6] Entering GlobalExceptionHandler.com.demo.bms.exception.GlobalExceptionHandler
2022-06-17 09:26:52,320 INFO com.demo.bms.aop.LoggingAspect [http-nio-5555-exec-6] Exiting GlobalExceptionHandler.com.demo.bms.exception.GlobalExceptionHandler
2022-06-17 09:27:20,656 INFO com.demo.bms.aop.LoggingAspect [http-nio-5555-exec-7] Entering BookController.com.demo.bms.controller.BookController
2022-06-17 09:27:20,657 INFO com.demo.bms.aop.LoggingAspect [http-nio-5555-exec-7] Entering BookServiceImpl.com.demo.bms.service.BookServiceImpl
2022-06-17 09:27:20,667 INFO com.demo.bms.aop.LoggingAspect [http-nio-5555-exec-7] Exiting BookServiceImpl.com.demo.bms.service.BookServiceImpl
2022-06-17 09:27:20,668 INFO com.demo.bms.aop.LoggingAspect [http-nio-5555-exec-7] Exiting BookController.com.demo.bms.controller.BookController
2022-06-17 09:27:20,671 INFO com.demo.bms.aop.LoggingAspect [http-nio-5555-exec-7] Entering GlobalExceptionHandler.com.demo.bms.exception.GlobalExceptionHandler
2022-06-17 09:27:20,672 INFO com.demo.bms.aop.LoggingAspect [http-nio-5555-exec-7] Exiting GlobalExceptionHandler.com.demo.bms.exception.GlobalExceptionHandler
2022-06-17 09:27:28,019 INFO com.demo.bms.aop.LoggingAspect [http-nio-5555-exec-8] Entering BookController.com.demo.bms.controller.BookController
2022-06-17 09:27:28,020 INFO com.demo.bms.aop.LoggingAspect [http-nio-5555-exec-8] Entering BookServiceImpl.com.demo.bms.service.BookServiceImpl
2022-06-17 09:27:28,096 INFO com.demo.bms.aop.LoggingAspect [http-nio-5555-exec-8] Exiting BookServiceImpl.com.demo.bms.service.BookServiceImpl
2022-06-17 09:27:28,099 INFO com.demo.bms.aop.LoggingAspect [http-nio-5555-exec-8] Exiting BookController.com.demo.bms.controller.BookController
2022-06-17 09:27:28,099 INFO com.demo.bms.aop.LoggingAspect [http-nio-5555-exec-8] Entering GlobalExceptionHandler.com.demo.bms.exception.GlobalExceptionHandler
2022-06-17 09:27:28,100 INFO com.demo.bms.aop.LoggingAspect [http-nio-5555-exec-8] Exiting GlobalExceptionHandler.com.demo.bms.exception.GlobalExceptionHandler
2022-06-17 09:27:33,195 INFO com.demo.bms.aop.LoggingAspect [http-nio-5555-exec-9] Entering BookController.com.demo.bms.controller.BookController
2022-06-17 09:27:33,197 INFO com.demo.bms.aop.LoggingAspect [http-nio-5555-exec-9] Entering BookServiceImpl.com.demo.bms.service.BookServiceImpl
2022-06-17 09:27:33,211 INFO com.demo.bms.aop.LoggingAspect [http-nio-5555-exec-9] Exiting BookServiceImpl.com.demo.bms.service.BookServiceImpl
2022-06-17 09:27:33,212 INFO com.demo.bms.aop.LoggingAspect [http-nio-5555-exec-9] Exiting BookController.com.demo.bms.controller.BookController
2022-06-17 09:27:33,215 INFO com.demo.bms.aop.LoggingAspect [http-nio-5555-exec-9] Entering GlobalExceptionHandler.com.demo.bms.exception.GlobalExceptionHandler
2022-06-17 09:27:33,217 INFO com.demo.bms.aop.LoggingAspect [http-nio-5555-exec-9] Exiting GlobalExceptionHandler.com.demo.bms.exception.GlobalExceptionHandler
2022-06-17 09:28:37,089 INFO com.demo.bms.aop.LoggingAspect [http-nio-5555-exec-10] Entering BookController.com.demo.bms.controller.BookController
2022-06-17 09:28:37,092 INFO com.demo.bms.aop.LoggingAspect [http-nio-5555-exec-10] Entering BookServiceImpl.com.demo.bms.service.BookServiceImpl
2022-06-17 09:28:37,106 INFO com.demo.bms.aop.LoggingAspect [http-nio-5555-exec-10] Exiting BookServiceImpl.com.demo.bms.service.BookServiceImpl
2022-06-17 09:28:37,108 INFO com.demo.bms.aop.LoggingAspect [http-nio-5555-exec-10] Exiting BookController.com.demo.bms.controller.BookController
2022-06-17 09:28:37,109 INFO com.demo.bms.aop.LoggingAspect [http-nio-5555-exec-10] Entering GlobalExceptionHandler.com.demo.bms.exception.GlobalExceptionHandler
2022-06-17 09:28:37,111 INFO com.demo.bms.aop.LoggingAspect [http-nio-5555-exec-10] Exiting GlobalExceptionHandler.com.demo.bms.exception.GlobalExceptionHandler
2022-06-17 09:28:41,162 INFO com.demo.bms.aop.LoggingAspect [http-nio-5555-exec-1] Entering BookController.com.demo.bms.controller.BookController
2022-06-17 09:28:41,166 INFO com.demo.bms.aop.LoggingAspect [http-nio-5555-exec-1] Entering BookServiceImpl.com.demo.bms.service.BookServiceImpl
2022-06-17 09:28:41,198 INFO com.demo.bms.aop.LoggingAspect [http-nio-5555-exec-1] Exiting BookServiceImpl.com.demo.bms.service.BookServiceImpl
2022-06-17 09:28:41,199 INFO com.demo.bms.aop.LoggingAspect [http-nio-5555-exec-1] Exiting BookController.com.demo.bms.controller.BookController
2022-06-17 09:28:41,201 INFO com.demo.bms.aop.LoggingAspect [http-nio-5555-exec-1] Entering GlobalExceptionHandler.com.demo.bms.exception.GlobalExceptionHandler
2022-06-17 09:28:41,203 INFO com.demo.bms.aop.LoggingAspect [http-nio-5555-exec-1] Exiting GlobalExceptionHandler.com.demo.bms.exception.GlobalExceptionHandler
2022-06-17 09:28:57,241 INFO com.demo.bms.aop.LoggingAspect [http-nio-5555-exec-2] Entering BookController.com.demo.bms.controller.BookController
2022-06-17 09:28:57,241 INFO com.demo.bms.aop.LoggingAspect [http-nio-5555-exec-2] Entering BookServiceImpl.com.demo.bms.service.BookServiceImpl
2022-06-17 09:28:57,248 INFO com.demo.bms.aop.LoggingAspect [http-nio-5555-exec-2] Exiting BookServiceImpl.com.demo.bms.service.BookServiceImpl
2022-06-17 09:28:57,249 INFO com.demo.bms.aop.LoggingAspect [http-nio-5555-exec-2] Exiting BookController.com.demo.bms.controller.BookController
2022-06-17 09:28:57,250 INFO com.demo.bms.aop.LoggingAspect [http-nio-5555-exec-2] Entering GlobalExceptionHandler.com.demo.bms.exception.GlobalExceptionHandler
2022-06-17 09:28:57,250 INFO com.demo.bms.aop.LoggingAspect [http-nio-5555-exec-2] Exiting GlobalExceptionHandler.com.demo.bms.exception.GlobalExceptionHandler
2022-06-17 09:29:03,301 INFO com.demo.bms.aop.LoggingAspect [http-nio-5555-exec-3] Entering BookController.com.demo.bms.controller.BookController
2022-06-17 09:29:03,302 INFO com.demo.bms.aop.LoggingAspect [http-nio-5555-exec-3] Entering BookServiceImpl.com.demo.bms.service.BookServiceImpl
2022-06-17 09:29:03,309 INFO com.demo.bms.aop.LoggingAspect [http-nio-5555-exec-3] Exiting BookServiceImpl.com.demo.bms.service.BookServiceImpl
2022-06-17 09:29:03,311 INFO com.demo.bms.aop.LoggingAspect [http-nio-5555-exec-3] Exiting BookController.com.demo.bms.controller.BookController
2022-06-17 09:29:03,314 INFO com.demo.bms.aop.LoggingAspect [http-nio-5555-exec-3] Entering GlobalExceptionHandler.com.demo.bms.exception.GlobalExceptionHandler
2022-06-17 09:29:03,315 INFO com.demo.bms.aop.LoggingAspect [http-nio-5555-exec-3] Exiting GlobalExceptionHandler.com.demo.bms.exception.GlobalExceptionHandler
2022-06-17 09:29:19,847 INFO com.demo.bms.aop.LoggingAspect [http-nio-5555-exec-4] Entering BookController.com.demo.bms.controller.BookController
2022-06-17 09:29:19,848 INFO com.demo.bms.aop.LoggingAspect [http-nio-5555-exec-4] Entering BookServiceImpl.com.demo.bms.service.BookServiceImpl
2022-06-17 09:29:19,856 INFO com.demo.bms.aop.LoggingAspect [http-nio-5555-exec-4] Exiting BookServiceImpl.com.demo.bms.service.BookServiceImpl
2022-06-17 09:29:19,857 INFO com.demo.bms.aop.LoggingAspect [http-nio-5555-exec-4] Exiting BookController.com.demo.bms.controller.BookController
2022-06-17 09:29:19,858 INFO com.demo.bms.aop.LoggingAspect [http-nio-5555-exec-4] Entering GlobalExceptionHandler.com.demo.bms.exception.GlobalExceptionHandler
2022-06-17 09:29:19,860 INFO com.demo.bms.aop.LoggingAspect [http-nio-5555-exec-4] Exiting GlobalExceptionHandler.com.demo.bms.exception.GlobalExceptionHandler
2022-06-17 09:29:28,330 INFO com.demo.bms.aop.LoggingAspect [http-nio-5555-exec-5] Entering BookController.com.demo.bms.controller.BookController
2022-06-17 09:29:28,331 INFO com.demo.bms.aop.LoggingAspect [http-nio-5555-exec-5] Entering BookServiceImpl.com.demo.bms.service.BookServiceImpl
2022-06-17 09:29:28,338 INFO com.demo.bms.aop.LoggingAspect [http-nio-5555-exec-5] Exiting BookServiceImpl.com.demo.bms.service.BookServiceImpl
2022-06-17 09:29:28,339 INFO com.demo.bms.aop.LoggingAspect [http-nio-5555-exec-5] Exiting BookController.com.demo.bms.controller.BookController
2022-06-17 09:29:28,340 INFO com.demo.bms.aop.LoggingAspect [http-nio-5555-exec-5] Entering GlobalExceptionHandler.com.demo.bms.exception.GlobalExceptionHandler
2022-06-17 09:29:28,342 INFO com.demo.bms.aop.LoggingAspect [http-nio-5555-exec-5] Exiting GlobalExceptionHandler.com.demo.bms.exception.GlobalExceptionHandler
2022-06-17 09:29:31,872 INFO com.demo.bms.aop.LoggingAspect [http-nio-5555-exec-6] Entering BookController.com.demo.bms.controller.BookController
2022-06-17 09:29:31,874 INFO com.demo.bms.aop.LoggingAspect [http-nio-5555-exec-6] Entering BookServiceImpl.com.demo.bms.service.BookServiceImpl
2022-06-17 09:29:31,879 INFO com.demo.bms.aop.LoggingAspect [http-nio-5555-exec-6] Exiting BookServiceImpl.com.demo.bms.service.BookServiceImpl
2022-06-17 09:29:31,881 INFO com.demo.bms.aop.LoggingAspect [http-nio-5555-exec-6] Exiting BookController.com.demo.bms.controller.BookController
2022-06-17 09:29:31,882 INFO com.demo.bms.aop.LoggingAspect [http-nio-5555-exec-6] Entering GlobalExceptionHandler.com.demo.bms.exception.GlobalExceptionHandler
2022-06-17 09:29:31,882 INFO com.demo.bms.aop.LoggingAspect [http-nio-5555-exec-6] Exiting GlobalExceptionHandler.com.demo.bms.exception.GlobalExceptionHandler
2022-06-17 09:29:43,065 INFO com.demo.bms.aop.LoggingAspect [http-nio-5555-exec-7] Entering BookController.com.demo.bms.controller.BookController
2022-06-17 09:29:43,066 INFO com.demo.bms.aop.LoggingAspect [http-nio-5555-exec-7] Entering BookServiceImpl.com.demo.bms.service.BookServiceImpl
2022-06-17 09:29:43,071 INFO com.demo.bms.aop.LoggingAspect [http-nio-5555-exec-7] Exiting BookServiceImpl.com.demo.bms.service.BookServiceImpl
2022-06-17 09:29:43,072 INFO com.demo.bms.aop.LoggingAspect [http-nio-5555-exec-7] Exiting BookController.com.demo.bms.controller.BookController
2022-06-17 09:29:43,073 INFO com.demo.bms.aop.LoggingAspect [http-nio-5555-exec-7] Entering GlobalExceptionHandler.com.demo.bms.exception.GlobalExceptionHandler
2022-06-17 09:29:43,074 INFO com.demo.bms.aop.LoggingAspect [http-nio-5555-exec-7] Exiting GlobalExceptionHandler.com.demo.bms.exception.GlobalExceptionHandler
2022-06-17 09:30:06,676 INFO com.demo.bms.aop.LoggingAspect [http-nio-5555-exec-8] Entering BookController.com.demo.bms.controller.BookController
2022-06-17 09:30:06,678 INFO com.demo.bms.aop.LoggingAspect [http-nio-5555-exec-8] Entering BookServiceImpl.com.demo.bms.service.BookServiceImpl
2022-06-17 09:30:06,688 INFO com.demo.bms.aop.LoggingAspect [http-nio-5555-exec-8] Exiting BookServiceImpl.com.demo.bms.service.BookServiceImpl
2022-06-17 09:30:06,689 INFO com.demo.bms.aop.LoggingAspect [http-nio-5555-exec-8] Exiting BookController.com.demo.bms.controller.BookController
2022-06-17 09:30:06,691 INFO com.demo.bms.aop.LoggingAspect [http-nio-5555-exec-8] Entering GlobalExceptionHandler.com.demo.bms.exception.GlobalExceptionHandler
2022-06-17 09:30:06,693 INFO com.demo.bms.aop.LoggingAspect [http-nio-5555-exec-8] Exiting GlobalExceptionHandler.com.demo.bms.exception.GlobalExceptionHandler
2022-06-17 09:30:29,071 INFO com.demo.bms.aop.LoggingAspect [http-nio-5555-exec-9] Entering BookController.com.demo.bms.controller.BookController
2022-06-17 09:30:29,072 INFO com.demo.bms.aop.LoggingAspect [http-nio-5555-exec-9] Entering BookServiceImpl.com.demo.bms.service.BookServiceImpl
2022-06-17 09:30:29,087 INFO com.demo.bms.aop.LoggingAspect [http-nio-5555-exec-9] Exiting BookServiceImpl.com.demo.bms.service.BookServiceImpl
2022-06-17 09:30:29,089 INFO com.demo.bms.aop.LoggingAspect [http-nio-5555-exec-9] Exiting BookController.com.demo.bms.controller.BookController
2022-06-17 09:30:29,090 INFO com.demo.bms.aop.LoggingAspect [http-nio-5555-exec-9] Entering GlobalExceptionHandler.com.demo.bms.exception.GlobalExceptionHandler
2022-06-17 09:30:29,091 INFO com.demo.bms.aop.LoggingAspect [http-nio-5555-exec-9] Exiting GlobalExceptionHandler.com.demo.bms.exception.GlobalExceptionHandler
2022-06-17 09:30:53,650 INFO com.demo.bms.aop.LoggingAspect [http-nio-5555-exec-1] Entering BookController.com.demo.bms.controller.BookController
2022-06-17 09:30:53,660 INFO com.demo.bms.aop.LoggingAspect [http-nio-5555-exec-1] Entering BookServiceImpl.com.demo.bms.service.BookServiceImpl
2022-06-17 09:30:53,720 INFO com.demo.bms.aop.LoggingAspect [http-nio-5555-exec-1] Entering JpaRepository.org.springframework.data.jpa.repository.JpaRepository
2022-06-17 09:30:54,037 INFO com.demo.bms.aop.LoggingAspect [http-nio-5555-exec-1] Exiting JpaRepository.org.springframework.data.jpa.repository.JpaRepository
2022-06-17 09:30:54,038 INFO com.demo.bms.aop.LoggingAspect [http-nio-5555-exec-1] Exiting BookServiceImpl.com.demo.bms.service.BookServiceImpl
2022-06-17 09:30:54,038 INFO com.demo.bms.aop.LoggingAspect [http-nio-5555-exec-1] Exiting BookController.com.demo.bms.controller.BookController
2022-06-17 09:30:54,112 INFO com.demo.bms.aop.LoggingAspect [http-nio-5555-exec-2] Entering BookController.com.demo.bms.controller.BookController
2022-06-17 09:30:54,116 INFO com.demo.bms.aop.LoggingAspect [http-nio-5555-exec-2] Entering BookServiceImpl.com.demo.bms.service.BookServiceImpl
2022-06-17 09:30:54,162 INFO com.demo.bms.aop.LoggingAspect [http-nio-5555-exec-2] Exiting BookServiceImpl.com.demo.bms.service.BookServiceImpl
2022-06-17 09:30:54,163 INFO com.demo.bms.aop.LoggingAspect [http-nio-5555-exec-2] Exiting BookController.com.demo.bms.controller.BookController
2022-06-17 09:32:03,317 INFO com.demo.bms.aop.LoggingAspect [http-nio-5555-exec-4] Entering BookController.com.demo.bms.controller.BookController
2022-06-17 09:32:03,319 INFO com.demo.bms.aop.LoggingAspect [http-nio-5555-exec-4] Entering BookServiceImpl.com.demo.bms.service.BookServiceImpl
2022-06-17 09:32:03,327 INFO com.demo.bms.aop.LoggingAspect [http-nio-5555-exec-4] Exiting BookServiceImpl.com.demo.bms.service.BookServiceImpl
2022-06-17 09:32:03,328 INFO com.demo.bms.aop.LoggingAspect [http-nio-5555-exec-4] Exiting BookController.com.demo.bms.controller.BookController
2022-06-17 09:32:57,872 INFO com.demo.bms.aop.LoggingAspect [http-nio-5555-exec-7] Entering BookController.com.demo.bms.controller.BookController
2022-06-17 09:32:57,874 INFO com.demo.bms.aop.LoggingAspect [http-nio-5555-exec-7] Entering BookServiceImpl.com.demo.bms.service.BookServiceImpl
2022-06-17 09:32:57,909 INFO com.demo.bms.aop.LoggingAspect [http-nio-5555-exec-7] Entering CrudRepository.org.springframework.data.repository.CrudRepository
2022-06-17 09:32:58,096 INFO com.demo.bms.aop.LoggingAspect [http-nio-5555-exec-7] Exiting CrudRepository.org.springframework.data.repository.CrudRepository
2022-06-17 09:32:58,098 INFO com.demo.bms.aop.LoggingAspect [http-nio-5555-exec-7] Exiting BookServiceImpl.com.demo.bms.service.BookServiceImpl
2022-06-17 09:32:58,099 INFO com.demo.bms.aop.LoggingAspect [http-nio-5555-exec-7] Exiting BookController.com.demo.bms.controller.BookController
2022-06-17 09:32:58,139 INFO com.demo.bms.aop.LoggingAspect [http-nio-5555-exec-8] Entering BookController.com.demo.bms.controller.BookController
2022-06-17 09:32:58,140 INFO com.demo.bms.aop.LoggingAspect [http-nio-5555-exec-8] Entering BookServiceImpl.com.demo.bms.service.BookServiceImpl
2022-06-17 09:32:58,146 INFO com.demo.bms.aop.LoggingAspect [http-nio-5555-exec-8] Exiting BookServiceImpl.com.demo.bms.service.BookServiceImpl
2022-06-17 09:32:58,147 INFO com.demo.bms.aop.LoggingAspect [http-nio-5555-exec-8] Exiting BookController.com.demo.bms.controller.BookController
2022-06-17 09:32:58,149 INFO com.demo.bms.aop.LoggingAspect [http-nio-5555-exec-8] Entering GlobalExceptionHandler.com.demo.bms.exception.GlobalExceptionHandler
2022-06-17 09:32:58,150 INFO com.demo.bms.aop.LoggingAspect [http-nio-5555-exec-8] Exiting GlobalExceptionHandler.com.demo.bms.exception.GlobalExceptionHandler
2022-06-17 09:33:18,142 INFO com.demo.bms.aop.LoggingAspect [http-nio-5555-exec-9] Entering BookController.com.demo.bms.controller.BookController
2022-06-17 09:33:18,147 INFO com.demo.bms.aop.LoggingAspect [http-nio-5555-exec-9] Entering BookServiceImpl.com.demo.bms.service.BookServiceImpl
2022-06-17 09:33:18,152 INFO com.demo.bms.aop.LoggingAspect [http-nio-5555-exec-9] Entering JpaRepository.org.springframework.data.jpa.repository.JpaRepository
2022-06-17 09:33:18,168 INFO com.demo.bms.aop.LoggingAspect [http-nio-5555-exec-9] Exiting JpaRepository.org.springframework.data.jpa.repository.JpaRepository
2022-06-17 09:33:18,169 INFO com.demo.bms.aop.LoggingAspect [http-nio-5555-exec-9] Exiting BookServiceImpl.com.demo.bms.service.BookServiceImpl
2022-06-17 09:33:18,169 INFO com.demo.bms.aop.LoggingAspect [http-nio-5555-exec-9] Exiting BookController.com.demo.bms.controller.BookController
2022-06-17 09:33:18,184 INFO com.demo.bms.aop.LoggingAspect [http-nio-5555-exec-10] Entering BookController.com.demo.bms.controller.BookController
2022-06-17 09:33:18,185 INFO com.demo.bms.aop.LoggingAspect [http-nio-5555-exec-10] Entering BookServiceImpl.com.demo.bms.service.BookServiceImpl
2022-06-17 09:33:18,190 INFO com.demo.bms.aop.LoggingAspect [http-nio-5555-exec-10] Exiting BookServiceImpl.com.demo.bms.service.BookServiceImpl
2022-06-17 09:33:18,191 INFO com.demo.bms.aop.LoggingAspect [http-nio-5555-exec-10] Exiting BookController.com.demo.bms.controller.BookController
2022-06-17 09:33:49,875 INFO com.demo.bms.aop.LoggingAspect [http-nio-5555-exec-2] Entering BookController.com.demo.bms.controller.BookController
2022-06-17 09:33:49,875 INFO com.demo.bms.aop.LoggingAspect [http-nio-5555-exec-2] Entering BookServiceImpl.com.demo.bms.service.BookServiceImpl
2022-06-17 09:33:49,884 INFO com.demo.bms.aop.LoggingAspect [http-nio-5555-exec-2] Exiting BookServiceImpl.com.demo.bms.service.BookServiceImpl
2022-06-17 09:33:49,886 INFO com.demo.bms.aop.LoggingAspect [http-nio-5555-exec-2] Exiting BookController.com.demo.bms.controller.BookController
2022-06-17 09:33:56,258 INFO com.demo.bms.aop.LoggingAspect [http-nio-5555-exec-4] Entering BookController.com.demo.bms.controller.BookController
2022-06-17 09:33:56,259 INFO com.demo.bms.aop.LoggingAspect [http-nio-5555-exec-4] Entering BookServiceImpl.com.demo.bms.service.BookServiceImpl
2022-06-17 09:33:56,268 INFO com.demo.bms.aop.LoggingAspect [http-nio-5555-exec-4] Exiting BookServiceImpl.com.demo.bms.service.BookServiceImpl
2022-06-17 09:33:56,269 INFO com.demo.bms.aop.LoggingAspect [http-nio-5555-exec-4] Exiting BookController.com.demo.bms.controller.BookController
2022-06-17 09:34:12,167 INFO com.demo.bms.aop.LoggingAspect [http-nio-5555-exec-7] Entering BookController.com.demo.bms.controller.BookController
2022-06-17 09:34:12,169 INFO com.demo.bms.aop.LoggingAspect [http-nio-5555-exec-7] Entering BookServiceImpl.com.demo.bms.service.BookServiceImpl
2022-06-17 09:34:12,169 INFO com.demo.bms.aop.LoggingAspect [http-nio-5555-exec-7] Entering CrudRepository.org.springframework.data.repository.CrudRepository
2022-06-17 09:34:12,188 INFO com.demo.bms.aop.LoggingAspect [http-nio-5555-exec-7] Exiting CrudRepository.org.springframework.data.repository.CrudRepository
2022-06-17 09:34:12,189 INFO com.demo.bms.aop.LoggingAspect [http-nio-5555-exec-7] Exiting BookServiceImpl.com.demo.bms.service.BookServiceImpl
2022-06-17 09:34:12,192 INFO com.demo.bms.aop.LoggingAspect [http-nio-5555-exec-7] Exiting BookController.com.demo.bms.controller.BookController
2022-06-17 09:34:12,207 INFO com.demo.bms.aop.LoggingAspect [http-nio-5555-exec-8] Entering BookController.com.demo.bms.controller.BookController
2022-06-17 09:34:12,208 INFO com.demo.bms.aop.LoggingAspect [http-nio-5555-exec-8] Entering BookServiceImpl.com.demo.bms.service.BookServiceImpl
2022-06-17 09:34:12,217 INFO com.demo.bms.aop.LoggingAspect [http-nio-5555-exec-8] Exiting BookServiceImpl.com.demo.bms.service.BookServiceImpl
2022-06-17 09:34:12,217 INFO com.demo.bms.aop.LoggingAspect [http-nio-5555-exec-8] Exiting BookController.com.demo.bms.controller.BookController
2022-06-17 09:34:12,218 INFO com.demo.bms.aop.LoggingAspect [http-nio-5555-exec-8] Entering GlobalExceptionHandler.com.demo.bms.exception.GlobalExceptionHandler
2022-06-17 09:34:12,219 INFO com.demo.bms.aop.LoggingAspect [http-nio-5555-exec-8] Exiting GlobalExceptionHandler.com.demo.bms.exception.GlobalExceptionHandler
2022-06-17 09:34:43,342 INFO com.demo.bms.aop.LoggingAspect [http-nio-5555-exec-9] Entering BookController.com.demo.bms.controller.BookController
2022-06-17 09:34:43,343 INFO com.demo.bms.aop.LoggingAspect [http-nio-5555-exec-9] Entering BookServiceImpl.com.demo.bms.service.BookServiceImpl
2022-06-17 09:34:43,350 INFO com.demo.bms.aop.LoggingAspect [http-nio-5555-exec-9] Exiting BookServiceImpl.com.demo.bms.service.BookServiceImpl
2022-06-17 09:34:43,353 INFO com.demo.bms.aop.LoggingAspect [http-nio-5555-exec-9] Exiting BookController.com.demo.bms.controller.BookController
2022-06-17 09:34:43,356 INFO com.demo.bms.aop.LoggingAspect [http-nio-5555-exec-9] Entering GlobalExceptionHandler.com.demo.bms.exception.GlobalExceptionHandler
2022-06-17 09:34:43,360 INFO com.demo.bms.aop.LoggingAspect [http-nio-5555-exec-9] Exiting GlobalExceptionHandler.com.demo.bms.exception.GlobalExceptionHandler
2022-06-17 09:34:53,402 INFO com.demo.bms.aop.LoggingAspect [http-nio-5555-exec-10] Entering BookController.com.demo.bms.controller.BookController
2022-06-17 09:34:53,406 INFO com.demo.bms.aop.LoggingAspect [http-nio-5555-exec-10] Entering BookServiceImpl.com.demo.bms.service.BookServiceImpl
2022-06-17 09:34:53,415 INFO com.demo.bms.aop.LoggingAspect [http-nio-5555-exec-10] Exiting BookServiceImpl.com.demo.bms.service.BookServiceImpl
2022-06-17 09:34:53,418 INFO com.demo.bms.aop.LoggingAspect [http-nio-5555-exec-10] Exiting BookController.com.demo.bms.controller.BookController
2022-06-17 09:34:53,422 INFO com.demo.bms.aop.LoggingAspect [http-nio-5555-exec-10] Entering GlobalExceptionHandler.com.demo.bms.exception.GlobalExceptionHandler
2022-06-17 09:34:53,425 INFO com.demo.bms.aop.LoggingAspect [http-nio-5555-exec-10] Exiting GlobalExceptionHandler.com.demo.bms.exception.GlobalExceptionHandler
2022-06-17 09:35:34,143 INFO com.demo.bms.aop.LoggingAspect [http-nio-5555-exec-1] Entering BookController.com.demo.bms.controller.BookController
2022-06-17 09:35:34,150 INFO com.demo.bms.aop.LoggingAspect [http-nio-5555-exec-1] Entering BookServiceImpl.com.demo.bms.service.BookServiceImpl
2022-06-17 09:35:34,173 INFO com.demo.bms.aop.LoggingAspect [http-nio-5555-exec-1] Exiting BookServiceImpl.com.demo.bms.service.BookServiceImpl
2022-06-17 09:35:34,174 INFO com.demo.bms.aop.LoggingAspect [http-nio-5555-exec-1] Exiting BookController.com.demo.bms.controller.BookController
2022-06-17 09:35:34,174 INFO com.demo.bms.aop.LoggingAspect [http-nio-5555-exec-1] Entering GlobalExceptionHandler.com.demo.bms.exception.GlobalExceptionHandler
2022-06-17 09:35:34,175 INFO com.demo.bms.aop.LoggingAspect [http-nio-5555-exec-1] Exiting GlobalExceptionHandler.com.demo.bms.exception.GlobalExceptionHandler
2022-06-17 09:36:24,290 INFO com.demo.bms.aop.LoggingAspect [http-nio-5555-exec-2] Entering BookController.com.demo.bms.controller.BookController
2022-06-17 09:36:24,291 INFO com.demo.bms.aop.LoggingAspect [http-nio-5555-exec-2] Entering BookServiceImpl.com.demo.bms.service.BookServiceImpl
2022-06-17 09:36:24,298 INFO com.demo.bms.aop.LoggingAspect [http-nio-5555-exec-2] Exiting BookServiceImpl.com.demo.bms.service.BookServiceImpl
2022-06-17 09:36:24,299 INFO com.demo.bms.aop.LoggingAspect [http-nio-5555-exec-2] Exiting BookController.com.demo.bms.controller.BookController
2022-06-17 09:36:24,299 INFO com.demo.bms.aop.LoggingAspect [http-nio-5555-exec-2] Entering GlobalExceptionHandler.com.demo.bms.exception.GlobalExceptionHandler
2022-06-17 09:36:24,300 INFO com.demo.bms.aop.LoggingAspect [http-nio-5555-exec-2] Exiting GlobalExceptionHandler.com.demo.bms.exception.GlobalExceptionHandler
2022-06-17 09:37:24,561 INFO com.demo.bms.aop.LoggingAspect [http-nio-5555-exec-3] Entering BookController.com.demo.bms.controller.BookController
2022-06-17 09:37:24,563 INFO com.demo.bms.aop.LoggingAspect [http-nio-5555-exec-3] Entering BookServiceImpl.com.demo.bms.service.BookServiceImpl
2022-06-17 09:37:24,569 INFO com.demo.bms.aop.LoggingAspect [http-nio-5555-exec-3] Exiting BookServiceImpl.com.demo.bms.service.BookServiceImpl
2022-06-17 09:37:24,570 INFO com.demo.bms.aop.LoggingAspect [http-nio-5555-exec-3] Exiting BookController.com.demo.bms.controller.BookController
2022-06-17 09:37:24,571 INFO com.demo.bms.aop.LoggingAspect [http-nio-5555-exec-3] Entering GlobalExceptionHandler.com.demo.bms.exception.GlobalExceptionHandler
2022-06-17 09:37:24,572 INFO com.demo.bms.aop.LoggingAspect [http-nio-5555-exec-3] Exiting GlobalExceptionHandler.com.demo.bms.exception.GlobalExceptionHandler
2022-06-17 09:37:27,395 INFO com.demo.bms.aop.LoggingAspect [http-nio-5555-exec-4] Entering BookController.com.demo.bms.controller.BookController
2022-06-17 09:37:27,397 INFO com.demo.bms.aop.LoggingAspect [http-nio-5555-exec-4] Entering BookServiceImpl.com.demo.bms.service.BookServiceImpl
2022-06-17 09:37:27,401 INFO com.demo.bms.aop.LoggingAspect [http-nio-5555-exec-4] Exiting BookServiceImpl.com.demo.bms.service.BookServiceImpl
2022-06-17 09:37:27,402 INFO com.demo.bms.aop.LoggingAspect [http-nio-5555-exec-4] Exiting BookController.com.demo.bms.controller.BookController
2022-06-17 09:37:27,403 INFO com.demo.bms.aop.LoggingAspect [http-nio-5555-exec-4] Entering GlobalExceptionHandler.com.demo.bms.exception.GlobalExceptionHandler
2022-06-17 09:37:27,404 INFO com.demo.bms.aop.LoggingAspect [http-nio-5555-exec-4] Exiting GlobalExceptionHandler.com.demo.bms.exception.GlobalExceptionHandler
2022-06-17 09:37:29,664 INFO com.demo.bms.aop.LoggingAspect [http-nio-5555-exec-5] Entering BookController.com.demo.bms.controller.BookController
2022-06-17 09:37:29,664 INFO com.demo.bms.aop.LoggingAspect [http-nio-5555-exec-5] Entering BookServiceImpl.com.demo.bms.service.BookServiceImpl
2022-06-17 09:37:29,669 INFO com.demo.bms.aop.LoggingAspect [http-nio-5555-exec-5] Exiting BookServiceImpl.com.demo.bms.service.BookServiceImpl
2022-06-17 09:37:29,670 INFO com.demo.bms.aop.LoggingAspect [http-nio-5555-exec-5] Exiting BookController.com.demo.bms.controller.BookController
2022-06-17 09:37:29,673 INFO com.demo.bms.aop.LoggingAspect [http-nio-5555-exec-5] Entering GlobalExceptionHandler.com.demo.bms.exception.GlobalExceptionHandler
2022-06-17 09:37:29,674 INFO com.demo.bms.aop.LoggingAspect [http-nio-5555-exec-5] Exiting GlobalExceptionHandler.com.demo.bms.exception.GlobalExceptionHandler
2022-06-17 09:37:41,762 INFO com.demo.bms.aop.LoggingAspect [http-nio-5555-exec-6] Entering BookController.com.demo.bms.controller.BookController
2022-06-17 09:37:41,763 INFO com.demo.bms.aop.LoggingAspect [http-nio-5555-exec-6] Entering BookServiceImpl.com.demo.bms.service.BookServiceImpl
2022-06-17 09:37:41,772 INFO com.demo.bms.aop.LoggingAspect [http-nio-5555-exec-6] Exiting BookServiceImpl.com.demo.bms.service.BookServiceImpl
2022-06-17 09:37:41,772 INFO com.demo.bms.aop.LoggingAspect [http-nio-5555-exec-6] Exiting BookController.com.demo.bms.controller.BookController
2022-06-17 09:37:41,775 INFO com.demo.bms.aop.LoggingAspect [http-nio-5555-exec-6] Entering GlobalExceptionHandler.com.demo.bms.exception.GlobalExceptionHandler
2022-06-17 09:37:41,780 INFO com.demo.bms.aop.LoggingAspect [http-nio-5555-exec-6] Exiting GlobalExceptionHandler.com.demo.bms.exception.GlobalExceptionHandler
2022-06-17 09:39:11,216 INFO com.demo.bms.aop.LoggingAspect [http-nio-5555-exec-7] Entering BookController.com.demo.bms.controller.BookController
2022-06-17 09:39:11,218 INFO com.demo.bms.aop.LoggingAspect [http-nio-5555-exec-7] Entering BookServiceImpl.com.demo.bms.service.BookServiceImpl
2022-06-17 09:39:11,226 INFO com.demo.bms.aop.LoggingAspect [http-nio-5555-exec-7] Exiting BookServiceImpl.com.demo.bms.service.BookServiceImpl
2022-06-17 09:39:11,228 INFO com.demo.bms.aop.LoggingAspect [http-nio-5555-exec-7] Exiting BookController.com.demo.bms.controller.BookController
2022-06-17 09:39:11,234 INFO com.demo.bms.aop.LoggingAspect [http-nio-5555-exec-7] Entering GlobalExceptionHandler.com.demo.bms.exception.GlobalExceptionHandler
2022-06-17 09:39:11,237 INFO com.demo.bms.aop.LoggingAspect [http-nio-5555-exec-7] Exiting GlobalExceptionHandler.com.demo.bms.exception.GlobalExceptionHandler
2022-06-17 09:39:24,301 INFO com.demo.bms.aop.LoggingAspect [http-nio-5555-exec-8] Entering BookController.com.demo.bms.controller.BookController
2022-06-17 09:39:24,305 INFO com.demo.bms.aop.LoggingAspect [http-nio-5555-exec-8] Entering BookServiceImpl.com.demo.bms.service.BookServiceImpl
2022-06-17 09:39:24,311 INFO com.demo.bms.aop.LoggingAspect [http-nio-5555-exec-8] Exiting BookServiceImpl.com.demo.bms.service.BookServiceImpl
2022-06-17 09:39:24,311 INFO com.demo.bms.aop.LoggingAspect [http-nio-5555-exec-8] Exiting BookController.com.demo.bms.controller.BookController
2022-06-17 09:39:24,312 INFO com.demo.bms.aop.LoggingAspect [http-nio-5555-exec-8] Entering GlobalExceptionHandler.com.demo.bms.exception.GlobalExceptionHandler
2022-06-17 09:39:24,313 INFO com.demo.bms.aop.LoggingAspect [http-nio-5555-exec-8] Exiting GlobalExceptionHandler.com.demo.bms.exception.GlobalExceptionHandler
2022-06-17 09:39:29,505 INFO com.demo.bms.aop.LoggingAspect [http-nio-5555-exec-9] Entering BookController.com.demo.bms.controller.BookController
2022-06-17 09:39:29,507 INFO com.demo.bms.aop.LoggingAspect [http-nio-5555-exec-9] Entering BookServiceImpl.com.demo.bms.service.BookServiceImpl
2022-06-17 09:39:29,513 INFO com.demo.bms.aop.LoggingAspect [http-nio-5555-exec-9] Exiting BookServiceImpl.com.demo.bms.service.BookServiceImpl
2022-06-17 09:39:29,514 INFO com.demo.bms.aop.LoggingAspect [http-nio-5555-exec-9] Exiting BookController.com.demo.bms.controller.BookController
2022-06-17 09:39:29,515 INFO com.demo.bms.aop.LoggingAspect [http-nio-5555-exec-9] Entering GlobalExceptionHandler.com.demo.bms.exception.GlobalExceptionHandler
2022-06-17 09:39:29,516 INFO com.demo.bms.aop.LoggingAspect [http-nio-5555-exec-9] Exiting GlobalExceptionHandler.com.demo.bms.exception.GlobalExceptionHandler
2022-06-17 09:42:32,562 INFO com.demo.bms.aop.LoggingAspect [http-nio-5555-exec-10] Entering BookController.com.demo.bms.controller.BookController
2022-06-17 09:42:32,564 INFO com.demo.bms.aop.LoggingAspect [http-nio-5555-exec-10] Entering BookServiceImpl.com.demo.bms.service.BookServiceImpl
2022-06-17 09:42:32,575 INFO com.demo.bms.aop.LoggingAspect [http-nio-5555-exec-10] Exiting BookServiceImpl.com.demo.bms.service.BookServiceImpl
2022-06-17 09:42:32,576 INFO com.demo.bms.aop.LoggingAspect [http-nio-5555-exec-10] Exiting BookController.com.demo.bms.controller.BookController
2022-06-17 09:42:32,577 INFO com.demo.bms.aop.LoggingAspect [http-nio-5555-exec-10] Entering GlobalExceptionHandler.com.demo.bms.exception.GlobalExceptionHandler
2022-06-17 09:42:32,579 INFO com.demo.bms.aop.LoggingAspect [http-nio-5555-exec-10] Exiting GlobalExceptionHandler.com.demo.bms.exception.GlobalExceptionHandler
2022-06-17 09:42:41,451 INFO com.demo.bms.aop.LoggingAspect [http-nio-5555-exec-1] Entering BookController.com.demo.bms.controller.BookController
2022-06-17 09:42:41,453 INFO com.demo.bms.aop.LoggingAspect [http-nio-5555-exec-1] Entering BookServiceImpl.com.demo.bms.service.BookServiceImpl
2022-06-17 09:42:41,457 INFO com.demo.bms.aop.LoggingAspect [http-nio-5555-exec-1] Exiting BookServiceImpl.com.demo.bms.service.BookServiceImpl
2022-06-17 09:42:41,459 INFO com.demo.bms.aop.LoggingAspect [http-nio-5555-exec-1] Exiting BookController.com.demo.bms.controller.BookController
2022-06-17 09:42:41,460 INFO com.demo.bms.aop.LoggingAspect [http-nio-5555-exec-1] Entering GlobalExceptionHandler.com.demo.bms.exception.GlobalExceptionHandler
2022-06-17 09:42:41,461 INFO com.demo.bms.aop.LoggingAspect [http-nio-5555-exec-1] Exiting GlobalExceptionHandler.com.demo.bms.exception.GlobalExceptionHandler
2022-06-17 09:43:20,290 INFO com.demo.bms.aop.LoggingAspect [http-nio-5555-exec-2] Entering BookController.com.demo.bms.controller.BookController
2022-06-17 09:43:20,290 INFO com.demo.bms.aop.LoggingAspect [http-nio-5555-exec-2] Entering BookServiceImpl.com.demo.bms.service.BookServiceImpl
2022-06-17 09:43:20,296 INFO com.demo.bms.aop.LoggingAspect [http-nio-5555-exec-2] Exiting BookServiceImpl.com.demo.bms.service.BookServiceImpl
2022-06-17 09:43:20,297 INFO com.demo.bms.aop.LoggingAspect [http-nio-5555-exec-2] Exiting BookController.com.demo.bms.controller.BookController
2022-06-17 09:43:20,298 INFO com.demo.bms.aop.LoggingAspect [http-nio-5555-exec-2] Entering GlobalExceptionHandler.com.demo.bms.exception.GlobalExceptionHandler
2022-06-17 09:43:20,299 INFO com.demo.bms.aop.LoggingAspect [http-nio-5555-exec-2] Exiting GlobalExceptionHandler.com.demo.bms.exception.GlobalExceptionHandler
2022-06-17 09:59:08,354 INFO org.springframework.boot.StartupInfoLogger [main] Starting BmsApplicationTests using Java 14.0.2 on DESKTOP-QN882RI with PID 9632 (started by Poongs in D:\Poongs\eclipse-workspace\may-core-java-workspace\bms.zip_expanded\bms)
2022-06-17 09:59:08,358 INFO org.springframework.boot.SpringApplication [main] No active profile set, falling back to 1 default profile: "default"
2022-06-17 09:59:20,400 INFO org.springframework.boot.StartupInfoLogger [main] Started BmsApplicationTests in 13.657 seconds (JVM running for 31.477)
2022-06-17 10:26:58,387 INFO com.demo.bms.aop.LoggingAspect [http-nio-5555-exec-3] Entering BookController.com.demo.bms.controller.BookController
2022-06-17 10:26:58,415 INFO com.demo.bms.aop.LoggingAspect [http-nio-5555-exec-3] Entering BookServiceImpl.com.demo.bms.service.BookServiceImpl
2022-06-17 10:26:58,489 INFO com.demo.bms.aop.LoggingAspect [http-nio-5555-exec-3] Exiting BookServiceImpl.com.demo.bms.service.BookServiceImpl
2022-06-17 10:26:58,490 INFO com.demo.bms.aop.LoggingAspect [http-nio-5555-exec-3] Exiting BookController.com.demo.bms.controller.BookController
2022-06-17 10:26:58,499 INFO com.demo.bms.aop.LoggingAspect [http-nio-5555-exec-3] Entering GlobalExceptionHandler.com.demo.bms.exception.GlobalExceptionHandler
2022-06-17 10:26:58,503 INFO com.demo.bms.aop.LoggingAspect [http-nio-5555-exec-3] Exiting GlobalExceptionHandler.com.demo.bms.exception.GlobalExceptionHandler
2022-06-17 10:27:08,062 INFO com.demo.bms.aop.LoggingAspect [http-nio-5555-exec-4] Entering BookController.com.demo.bms.controller.BookController
2022-06-17 10:27:08,062 INFO com.demo.bms.aop.LoggingAspect [http-nio-5555-exec-4] Entering BookServiceImpl.com.demo.bms.service.BookServiceImpl
2022-06-17 10:27:08,068 INFO com.demo.bms.aop.LoggingAspect [http-nio-5555-exec-4] Exiting BookServiceImpl.com.demo.bms.service.BookServiceImpl
2022-06-17 10:27:08,069 INFO com.demo.bms.aop.LoggingAspect [http-nio-5555-exec-4] Exiting BookController.com.demo.bms.controller.BookController
2022-06-17 10:27:08,070 INFO com.demo.bms.aop.LoggingAspect [http-nio-5555-exec-4] Entering GlobalExceptionHandler.com.demo.bms.exception.GlobalExceptionHandler
2022-06-17 10:27:08,070 INFO com.demo.bms.aop.LoggingAspect [http-nio-5555-exec-4] Exiting GlobalExceptionHandler.com.demo.bms.exception.GlobalExceptionHandler
2022-06-17 11:58:04,635 INFO com.demo.bms.aop.LoggingAspect [http-nio-5555-exec-5] Entering BookController.com.demo.bms.controller.BookController
2022-06-17 11:58:04,664 INFO com.demo.bms.aop.LoggingAspect [http-nio-5555-exec-5] Entering BookServiceImpl.com.demo.bms.service.BookServiceImpl
2022-06-17 11:58:04,745 INFO com.demo.bms.aop.LoggingAspect [http-nio-5555-exec-5] Exiting BookServiceImpl.com.demo.bms.service.BookServiceImpl
2022-06-17 11:58:04,746 INFO com.demo.bms.aop.LoggingAspect [http-nio-5555-exec-5] Exiting BookController.com.demo.bms.controller.BookController
2022-06-17 11:58:04,754 INFO com.demo.bms.aop.LoggingAspect [http-nio-5555-exec-5] Entering GlobalExceptionHandler.com.demo.bms.exception.GlobalExceptionHandler
2022-06-17 11:58:04,757 INFO com.demo.bms.aop.LoggingAspect [http-nio-5555-exec-5] Exiting GlobalExceptionHandler.com.demo.bms.exception.GlobalExceptionHandler
2022-06-18 23:54:13,158 INFO org.springframework.boot.StartupInfoLogger [main] Starting BmsApplicationTests using Java 14.0.2 on DESKTOP-QN882RI with PID 33112 (started by Poongs in D:\Poongs\eclipse-workspace\may-core-java-workspace\bms.zip_expanded\bms)
2022-06-18 23:54:13,161 INFO org.springframework.boot.SpringApplication [main] No active profile set, falling back to 1 default profile: "default"
2022-06-18 23:54:22,359 INFO org.springframework.boot.StartupInfoLogger [main] Started BmsApplicationTests in 9.652 seconds (JVM running for 11.688)
2022-06-19 02:46:47,864 INFO org.springframework.boot.StartupInfoLogger [main] Starting BmsApplicationTests using Java 14.0.2 on DESKTOP-QN882RI with PID 3500 (started by Poongs in D:\Poongs\eclipse-workspace\may-core-java-workspace\bms.zip_expanded\bms)
2022-06-19 02:46:47,868 INFO org.springframework.boot.SpringApplication [main] No active profile set, falling back to 1 default profile: "default"
2022-06-19 02:46:56,314 INFO org.springframework.boot.StartupInfoLogger [main] Started BmsApplicationTests in 8.827 seconds (JVM running for 12.172)
2022-06-19 03:04:09,704 INFO org.springframework.boot.StartupInfoLogger [main] Starting BmsApplication using Java 14.0.2 on DESKTOP-QN882RI with PID 31932 (D:\Poongs\eclipse-workspace\may-core-java-workspace\bms.zip_expanded\bms\target\classes started by Poongs in D:\Poongs\eclipse-workspace\may-core-java-workspace\bms.zip_expanded\bms)
2022-06-19 03:04:09,707 INFO org.springframework.boot.SpringApplication [main] No active profile set, falling back to 1 default profile: "default"
2022-06-19 03:04:56,148 INFO org.springframework.boot.StartupInfoLogger [main] Starting BmsApplication using Java 14.0.2 on DESKTOP-QN882RI with PID 28780 (D:\Poongs\eclipse-workspace\may-core-java-workspace\bms.zip_expanded\bms\target\classes started by Poongs in D:\Poongs\eclipse-workspace\may-core-java-workspace\bms.zip_expanded\bms)
2022-06-19 03:04:56,150 INFO org.springframework.boot.SpringApplication [main] No active profile set, falling back to 1 default profile: "default"
2022-06-19 03:05:21,371 INFO org.springframework.boot.StartupInfoLogger [main] Starting BmsApplication using Java 14.0.2 on DESKTOP-QN882RI with PID 29324 (D:\Poongs\eclipse-workspace\may-core-java-workspace\bms.zip_expanded\bms\target\classes started by Poongs in D:\Poongs\eclipse-workspace\may-core-java-workspace\bms.zip_expanded\bms)
2022-06-19 03:05:21,375 INFO org.springframework.boot.SpringApplication [main] No active profile set, falling back to 1 default profile: "default"
2022-06-19 03:05:25,308 INFO org.springframework.boot.StartupInfoLogger [main] Started BmsApplication in 4.288 seconds (JVM running for 4.733)
2022-06-19 23:41:20,817 INFO org.springframework.boot.StartupInfoLogger [main] Starting BmsApplication using Java 14.0.2 on DESKTOP-QN882RI with PID 34872 (D:\Poongs\eclipse-workspace\may-core-java-workspace\bms.zip_expanded\bms\target\classes started by Poongs in D:\Poongs\eclipse-workspace\may-core-java-workspace\bms.zip_expanded\bms)
2022-06-19 23:41:20,819 INFO org.springframework.boot.SpringApplication [main] No active profile set, falling back to 1 default profile: "default"
2022-06-19 23:41:25,609 INFO org.springframework.boot.StartupInfoLogger [main] Started BmsApplication in 5.988 seconds (JVM running for 7.293)
2022-06-19 23:42:42,863 INFO com.demo.bms.aop.LoggingAspect [http-nio-5555-exec-2] Entering UserController.com.demo.bms.controller.UserController
2022-06-19 23:42:42,891 INFO com.demo.bms.aop.LoggingAspect [http-nio-5555-exec-2] Exiting UserController.com.demo.bms.controller.UserController
