2022-06-16 12:02:13,585 INFO org.springframework.boot.StartupInfoLogger [main] Starting BmsApplication using Java 14.0.2 on DESKTOP-QN882RI with PID 6916 (D:\Poongs\eclipse-workspace\may-core-java-workspace\bms.zip_expanded\bms\target\classes started by Poongs in D:\Poongs\eclipse-workspace\may-core-java-workspace\bms.zip_expanded\bms)
2022-06-16 12:02:13,597 INFO org.springframework.boot.SpringApplication [main] No active profile set, falling back to 1 default profile: "default"
2022-06-16 12:02:29,775 INFO org.springframework.boot.StartupInfoLogger [main] Started BmsApplication in 18.317 seconds (JVM running for 22.27)
2022-06-16 12:02:41,366 INFO com.demo.bms.aop.LoggingAspect [http-nio-5555-exec-2] Executing BookController.getAllBooks
2022-06-16 12:04:11,489 INFO org.springframework.boot.StartupInfoLogger [main] Starting BmsApplication using Java 14.0.2 on DESKTOP-QN882RI with PID 36556 (D:\Poongs\eclipse-workspace\may-core-java-workspace\bms.zip_expanded\bms\target\classes started by Poongs in D:\Poongs\eclipse-workspace\may-core-java-workspace\bms.zip_expanded\bms)
2022-06-16 12:04:11,493 INFO org.springframework.boot.SpringApplication [main] No active profile set, falling back to 1 default profile: "default"
2022-06-16 12:04:31,151 INFO org.springframework.boot.StartupInfoLogger [main] Started BmsApplication in 21.0 seconds (JVM running for 22.906)
2022-06-16 12:04:39,981 INFO com.demo.bms.aop.LoggingAspect [http-nio-5555-exec-2] Executing BookController.getAllBooks
2022-06-16 12:04:40,026 INFO com.demo.bms.aop.LoggingAspect [http-nio-5555-exec-2] Executing BookServiceImpl.getAllBooks
2022-06-16 13:41:03,196 INFO org.springframework.boot.StartupInfoLogger [main] Starting BmsApplication using Java 14.0.2 on DESKTOP-QN882RI with PID 3796 (D:\Poongs\eclipse-workspace\may-core-java-workspace\bms.zip_expanded\bms\target\classes started by Poongs in D:\Poongs\eclipse-workspace\may-core-java-workspace\bms.zip_expanded\bms)
2022-06-16 13:41:03,199 INFO org.springframework.boot.SpringApplication [main] No active profile set, falling back to 1 default profile: "default"
2022-06-16 13:41:21,072 INFO org.springframework.boot.StartupInfoLogger [main] Started BmsApplication in 19.39 seconds (JVM running for 21.914)
2022-06-16 13:41:33,213 INFO com.demo.bms.aop.LoggingAspect [http-nio-5555-exec-2] Entering BookController.com.demo.bms.controller.BookController
2022-06-16 13:41:33,264 INFO com.demo.bms.aop.LoggingAspect [http-nio-5555-exec-2] Entering BookServiceImpl.com.demo.bms.service.BookServiceImpl
2022-06-16 13:41:34,014 INFO com.demo.bms.aop.LoggingAspect [http-nio-5555-exec-2] Exiting BookServiceImpl.com.demo.bms.service.BookServiceImpl
2022-06-16 13:41:34,017 INFO com.demo.bms.aop.LoggingAspect [http-nio-5555-exec-2] Exiting BookController.com.demo.bms.controller.BookController
2022-06-16 13:45:52,375 INFO com.demo.bms.aop.LoggingAspect [http-nio-5555-exec-5] Entering BookController.com.demo.bms.controller.BookController
2022-06-16 13:45:52,376 INFO com.demo.bms.aop.LoggingAspect [http-nio-5555-exec-5] Entering BookServiceImpl.com.demo.bms.service.BookServiceImpl
2022-06-16 13:45:52,380 INFO com.demo.bms.aop.LoggingAspect [http-nio-5555-exec-5] Entering CrudRepository.org.springframework.data.repository.CrudRepository
2022-06-16 13:45:52,497 INFO com.demo.bms.aop.LoggingAspect [http-nio-5555-exec-5] Exiting CrudRepository.org.springframework.data.repository.CrudRepository
2022-06-16 13:45:52,498 INFO com.demo.bms.aop.LoggingAspect [http-nio-5555-exec-5] Exiting BookServiceImpl.com.demo.bms.service.BookServiceImpl
2022-06-16 13:45:52,500 INFO com.demo.bms.aop.LoggingAspect [http-nio-5555-exec-5] Exiting BookController.com.demo.bms.controller.BookController
2022-06-16 13:45:52,507 INFO com.demo.bms.aop.LoggingAspect [http-nio-5555-exec-5] Entering GlobalExceptionHandler.com.demo.bms.exception.GlobalExceptionHandler
2022-06-16 13:45:52,551 INFO com.demo.bms.aop.LoggingAspect [http-nio-5555-exec-5] Exiting GlobalExceptionHandler.com.demo.bms.exception.GlobalExceptionHandler
2022-06-16 13:46:04,273 INFO com.demo.bms.aop.LoggingAspect [http-nio-5555-exec-7] Entering BookController.com.demo.bms.controller.BookController
2022-06-16 13:46:04,279 INFO com.demo.bms.aop.LoggingAspect [http-nio-5555-exec-7] Entering BookServiceImpl.com.demo.bms.service.BookServiceImpl
2022-06-16 13:46:04,281 INFO com.demo.bms.aop.LoggingAspect [http-nio-5555-exec-7] Entering CrudRepository.org.springframework.data.repository.CrudRepository
2022-06-16 13:46:04,295 INFO com.demo.bms.aop.LoggingAspect [http-nio-5555-exec-7] Exiting CrudRepository.org.springframework.data.repository.CrudRepository
2022-06-16 13:46:04,328 INFO com.demo.bms.aop.LoggingAspect [http-nio-5555-exec-7] Exiting BookServiceImpl.com.demo.bms.service.BookServiceImpl
2022-06-16 13:46:04,329 INFO com.demo.bms.aop.LoggingAspect [http-nio-5555-exec-7] Exiting BookController.com.demo.bms.controller.BookController
2022-06-16 13:48:52,168 INFO com.demo.bms.aop.LoggingAspect [http-nio-5555-exec-10] Entering BookController.com.demo.bms.controller.BookController
2022-06-16 13:48:52,169 INFO com.demo.bms.aop.LoggingAspect [http-nio-5555-exec-10] Entering BookServiceImpl.com.demo.bms.service.BookServiceImpl
2022-06-16 13:48:52,170 INFO com.demo.bms.aop.LoggingAspect [http-nio-5555-exec-10] Entering CrudRepository.org.springframework.data.repository.CrudRepository
2022-06-16 13:48:52,187 INFO com.demo.bms.aop.LoggingAspect [http-nio-5555-exec-10] Exiting CrudRepository.org.springframework.data.repository.CrudRepository
2022-06-16 13:48:52,188 INFO com.demo.bms.aop.LoggingAspect [http-nio-5555-exec-10] Exiting BookServiceImpl.com.demo.bms.service.BookServiceImpl
2022-06-16 13:48:52,189 INFO com.demo.bms.aop.LoggingAspect [http-nio-5555-exec-10] Exiting BookController.com.demo.bms.controller.BookController
2022-06-16 13:48:52,190 INFO com.demo.bms.aop.LoggingAspect [http-nio-5555-exec-10] Entering GlobalExceptionHandler.com.demo.bms.exception.GlobalExceptionHandler
2022-06-16 13:48:52,191 INFO com.demo.bms.aop.LoggingAspect [http-nio-5555-exec-10] Exiting GlobalExceptionHandler.com.demo.bms.exception.GlobalExceptionHandler
